<?xml version="1.0" encoding="utf-8"?>
<CoverageSession xmlns:xsd="http://www.w3.org/2001/XMLSchema" xmlns:xsi="http://www.w3.org/2001/XMLSchema-instance" Version="0.0.0.0">
  <Summary numSequencePoints="1300" visitedSequencePoints="1080" numBranchPoints="0" visitedBranchPoints="0" sequenceCoverage="83.08" branchCoverage="0.0" maxCyclomaticComplexity="0" minCyclomaticComplexity="0" maxCrapScore="0" minCrapScore="0" visitedClasses="34" numClasses="34" visitedMethods="153" numMethods="153" />
  <Modules>
    <Module>
      <Summary numSequencePoints="1300" visitedSequencePoints="1080" numBranchPoints="0" visitedBranchPoints="0" sequenceCoverage="83.08" branchCoverage="0.0" maxCyclomaticComplexity="0" minCyclomaticComplexity="0" maxCrapScore="0" minCrapScore="0" visitedClasses="34" numClasses="34" visitedMethods="153" numMethods="153" />
      <ModuleTime>0001-01-01T00:00:00</ModuleTime>
      <ModuleName>Assembly-CSharp</ModuleName>
      <Files>
        <File uid="1" fullPath="C:/Users/CG_LAB/Desktop/Data/TOTL/TOTL/Assets/AAA/Audio/SoundManager.cs" />
        <File uid="2" fullPath="C:/Users/CG_LAB/Desktop/Data/TOTL/TOTL/Assets/AAA/Audio/SoundSlider.cs" />
        <File uid="3" fullPath="C:/Users/CG_LAB/Desktop/Data/TOTL/TOTL/Assets/AAA/Main/New Folder/ButtonEvent.cs" />
        <File uid="4" fullPath="C:/Users/CG_LAB/Desktop/Data/TOTL/TOTL/Assets/AAA/Main/PopUp/GameOver.cs" />
        <File uid="5" fullPath="C:/Users/CG_LAB/Desktop/Data/TOTL/TOTL/Assets/AAA/Main/PopUp/OptionData.cs" />
        <File uid="6" fullPath="C:/Users/CG_LAB/Desktop/Data/TOTL/TOTL/Assets/AAA/Main/PopUp/PopUp.cs" />
        <File uid="7" fullPath="C:/Users/CG_LAB/Desktop/Data/TOTL/TOTL/Assets/AAA/Main/PopUp/PopupController.cs" />
        <File uid="8" fullPath="C:/Users/CG_LAB/Desktop/Data/TOTL/TOTL/Assets/AAA/Main/PopUp/SelectCharacter.cs" />
        <File uid="9" fullPath="C:/Users/CG_LAB/Desktop/Data/TOTL/TOTL/Assets/AAA/Play/Scripts/ButtonClickEvent.cs" />
        <File uid="10" fullPath="C:/Users/CG_LAB/Desktop/Data/TOTL/TOTL/Assets/AAA/Play/Scripts/CameraController.cs" />
        <File uid="11" fullPath="C:/Users/CG_LAB/Desktop/Data/TOTL/TOTL/Assets/AAA/Play/Scripts/EffectSensor.cs" />
        <File uid="12" fullPath="C:/Users/CG_LAB/Desktop/Data/TOTL/TOTL/Assets/AAA/Play/Scripts/Enemy/Enemy.cs" />
        <File uid="13" fullPath="C:/Users/CG_LAB/Desktop/Data/TOTL/TOTL/Assets/AAA/Play/Scripts/Enemy/EnemySensor.cs" />
        <File uid="14" fullPath="C:/Users/CG_LAB/Desktop/Data/TOTL/TOTL/Assets/AAA/Play/Scripts/FieldEffect.cs" />
        <File uid="15" fullPath="C:/Users/CG_LAB/Desktop/Data/TOTL/TOTL/Assets/AAA/Play/Scripts/FieldEffectPopUpManager.cs" />
        <File uid="16" fullPath="C:/Users/CG_LAB/Desktop/Data/TOTL/TOTL/Assets/AAA/Play/Scripts/Goal.cs" />
        <File uid="17" fullPath="C:/Users/CG_LAB/Desktop/Data/TOTL/TOTL/Assets/AAA/Play/Scripts/Gold.cs" />
        <File uid="18" fullPath="C:/Users/CG_LAB/Desktop/Data/TOTL/TOTL/Assets/AAA/Play/Scripts/JoyStickController.cs" />
        <File uid="19" fullPath="C:/Users/CG_LAB/Desktop/Data/TOTL/TOTL/Assets/AAA/Play/Scripts/MapPlacementBlock.cs" />
        <File uid="20" fullPath="C:/Users/CG_LAB/Desktop/Data/TOTL/TOTL/Assets/AAA/Play/Scripts/Player.cs" />
        <File uid="21" fullPath="C:/Users/CG_LAB/Desktop/Data/TOTL/TOTL/Assets/AAA/Play/Scripts/PlayerCollisionHandler.cs" />
        <File uid="22" fullPath="C:/Users/CG_LAB/Desktop/Data/TOTL/TOTL/Assets/AAA/Play/Scripts/TimeLine.cs" />
        <File uid="23" fullPath="C:/Users/CG_LAB/Desktop/Data/TOTL/TOTL/Assets/AAA/Play/ssss/StageUI.cs" />
        <File uid="24" fullPath="C:/Users/CG_LAB/Desktop/Data/TOTL/TOTL/Assets/AAA/Play/ssss/UIEvent.cs" />
        <File uid="25" fullPath="C:/Users/CG_LAB/Desktop/Data/TOTL/TOTL/Assets/Resources/ConstructSet/Inventory.cs" />
        <File uid="26" fullPath="C:/Users/CG_LAB/Desktop/Data/TOTL/TOTL/Assets/Script/DataManager.cs" />
        <File uid="27" fullPath="C:/Users/CG_LAB/Desktop/Data/TOTL/TOTL/Assets/Script/MainSceneUIManager.cs" />
        <File uid="28" fullPath="C:/Users/CG_LAB/Desktop/Data/TOTL/TOTL/Assets/Script/SceneManager.cs" />
        <File uid="29" fullPath="C:/Users/CG_LAB/Desktop/Data/TOTL/TOTL/Assets/sss/Function.cs" />
        <File uid="30" fullPath="C:/Users/CG_LAB/Desktop/Data/TOTL/TOTL/Assets/sss/StageManager.cs" />
      </Files>
      <Classes>
        <Class>
          <Summary numSequencePoints="56" visitedSequencePoints="49" numBranchPoints="0" visitedBranchPoints="0" sequenceCoverage="87.50" branchCoverage="0.0" maxCyclomaticComplexity="0" minCyclomaticComplexity="0" maxCrapScore="0" minCrapScore="0" visitedClasses="1" numClasses="1" visitedMethods="8" numMethods="8" />
          <FullName>SoundManager</FullName>
          <Methods>
            <Method visited="true" cyclomaticComplexity="0" nPathComplexity="0" sequenceCoverage="100.0" branchCoverage="0" crapScore="0" isConstructor="false" isStatic="true" isGetter="true" isSetter="false">
              <Summary numSequencePoints="1" visitedSequencePoints="1" numBranchPoints="0" visitedBranchPoints="0" sequenceCoverage="100.0" branchCoverage="0" maxCyclomaticComplexity="0" minCyclomaticComplexity="0" maxCrapScore="0" minCrapScore="0" visitedClasses="0" numClasses="0" visitedMethods="1" numMethods="1" />
              <MetadataToken>100663297</MetadataToken>
              <Name>static SoundManager SoundManager::get_instance()</Name>
              <FileRef uid="1" />
              <SequencePoints>
                <SequencePoint vc="9" uspid="1" ordinal="0" offset="0" sl="30" sc="43" el="30" ec="43" bec="0" bev="0" fileid="1" />
              </SequencePoints>
              <BranchPoints />
            </Method>
            <Method visited="true" cyclomaticComplexity="0" nPathComplexity="0" sequenceCoverage="100.0" branchCoverage="0" crapScore="0" isConstructor="false" isStatic="true" isGetter="false" isSetter="true">
              <Summary numSequencePoints="1" visitedSequencePoints="1" numBranchPoints="0" visitedBranchPoints="0" sequenceCoverage="100.0" branchCoverage="0" maxCyclomaticComplexity="0" minCyclomaticComplexity="0" maxCrapScore="0" minCrapScore="0" visitedClasses="0" numClasses="0" visitedMethods="1" numMethods="1" />
              <MetadataToken>100663298</MetadataToken>
              <Name>static System.Void SoundManager::set_instance(SoundManager)</Name>
              <FileRef uid="1" />
              <SequencePoints>
                <SequencePoint vc="1" uspid="2" ordinal="0" offset="0" sl="30" sc="48" el="30" ec="48" bec="0" bev="0" fileid="1" />
              </SequencePoints>
              <BranchPoints />
            </Method>
            <Method visited="true" cyclomaticComplexity="0" nPathComplexity="0" sequenceCoverage="100.0" branchCoverage="0" crapScore="0" isConstructor="false" isStatic="false" isGetter="false" isSetter="false">
              <Summary numSequencePoints="7" visitedSequencePoints="7" numBranchPoints="0" visitedBranchPoints="0" sequenceCoverage="100.0" branchCoverage="0" maxCyclomaticComplexity="0" minCyclomaticComplexity="0" maxCrapScore="0" minCrapScore="0" visitedClasses="0" numClasses="0" visitedMethods="1" numMethods="1" />
              <MetadataToken>100663299</MetadataToken>
              <Name>System.Void SoundManager::Awake()</Name>
              <FileRef uid="1" />
              <SequencePoints>
                <SequencePoint vc="1" uspid="3" ordinal="0" offset="0" sl="32" sc="5" el="32" ec="5" bec="0" bev="0" fileid="1" />
                <SequencePoint vc="1" uspid="4" ordinal="0" offset="1" sl="33" sc="9" el="33" ec="9" bec="0" bev="0" fileid="1" />
                <SequencePoint vc="1" uspid="5" ordinal="0" offset="16" sl="34" sc="9" el="34" ec="9" bec="0" bev="0" fileid="1" />
                <SequencePoint vc="1" uspid="6" ordinal="0" offset="17" sl="35" sc="13" el="35" ec="13" bec="0" bev="0" fileid="1" />
                <SequencePoint vc="1" uspid="7" ordinal="0" offset="24" sl="36" sc="13" el="36" ec="13" bec="0" bev="0" fileid="1" />
                <SequencePoint vc="1" uspid="8" ordinal="0" offset="36" sl="37" sc="9" el="37" ec="9" bec="0" bev="0" fileid="1" />
                <SequencePoint vc="1" uspid="9" ordinal="0" offset="37" sl="41" sc="5" el="41" ec="5" bec="0" bev="0" fileid="1" />
              </SequencePoints>
              <BranchPoints />
            </Method>
            <Method visited="true" cyclomaticComplexity="0" nPathComplexity="0" sequenceCoverage="100.0" branchCoverage="0" crapScore="0" isConstructor="false" isStatic="false" isGetter="false" isSetter="false">
              <Summary numSequencePoints="15" visitedSequencePoints="15" numBranchPoints="0" visitedBranchPoints="0" sequenceCoverage="100.0" branchCoverage="0" maxCyclomaticComplexity="0" minCyclomaticComplexity="0" maxCrapScore="0" minCrapScore="0" visitedClasses="0" numClasses="0" visitedMethods="1" numMethods="1" />
              <MetadataToken>100663300</MetadataToken>
              <Name>System.Void SoundManager::Start()</Name>
              <FileRef uid="1" />
              <SequencePoints>
                <SequencePoint vc="1" uspid="10" ordinal="0" offset="0" sl="51" sc="5" el="51" ec="5" bec="0" bev="0" fileid="1" />
                <SequencePoint vc="1" uspid="11" ordinal="0" offset="1" sl="52" sc="9" el="52" ec="9" bec="0" bev="0" fileid="1" />
                <SequencePoint vc="1" uspid="12" ordinal="0" offset="12" sl="53" sc="9" el="53" ec="9" bec="0" bev="0" fileid="1" />
                <SequencePoint vc="1" uspid="13" ordinal="0" offset="13" sl="53" sc="36" el="53" ec="36" bec="0" bev="0" fileid="1" />
                <SequencePoint vc="8" uspid="14" ordinal="0" offset="24" sl="53" sc="18" el="53" ec="18" bec="0" bev="0" fileid="1" />
                <SequencePoint vc="8" uspid="15" ordinal="0" offset="28" sl="53" sc="55" el="53" ec="55" bec="0" bev="0" fileid="1" />
                <SequencePoint vc="8" uspid="16" ordinal="0" offset="29" sl="53" sc="57" el="53" ec="57" bec="0" bev="0" fileid="1" />
                <SequencePoint vc="8" uspid="17" ordinal="0" offset="48" sl="53" sc="100" el="53" ec="100" bec="0" bev="0" fileid="1" />
                <SequencePoint vc="9" uspid="18" ordinal="0" offset="53" sl="53" sc="33" el="53" ec="33" bec="0" bev="0" fileid="1" />
                <SequencePoint vc="1" uspid="19" ordinal="0" offset="59" sl="54" sc="9" el="54" ec="9" bec="0" bev="0" fileid="1" />
                <SequencePoint vc="1" uspid="20" ordinal="0" offset="70" sl="56" sc="9" el="56" ec="9" bec="0" bev="0" fileid="1" />
                <SequencePoint vc="1" uspid="21" ordinal="0" offset="83" sl="56" sc="42" el="56" ec="42" bec="0" bev="0" fileid="1" />
                <SequencePoint vc="1" uspid="22" ordinal="0" offset="84" sl="56" sc="44" el="56" ec="44" bec="0" bev="0" fileid="1" />
                <SequencePoint vc="1" uspid="23" ordinal="0" offset="96" sl="56" sc="74" el="56" ec="74" bec="0" bev="0" fileid="1" />
                <SequencePoint vc="1" uspid="24" ordinal="0" offset="97" sl="57" sc="5" el="57" ec="5" bec="0" bev="0" fileid="1" />
              </SequencePoints>
              <BranchPoints />
            </Method>
            <Method visited="true" cyclomaticComplexity="0" nPathComplexity="0" sequenceCoverage="62.50" branchCoverage="0" crapScore="0" isConstructor="false" isStatic="false" isGetter="false" isSetter="false">
              <Summary numSequencePoints="8" visitedSequencePoints="5" numBranchPoints="0" visitedBranchPoints="0" sequenceCoverage="62.50" branchCoverage="0" maxCyclomaticComplexity="0" minCyclomaticComplexity="0" maxCrapScore="0" minCrapScore="0" visitedClasses="0" numClasses="0" visitedMethods="1" numMethods="1" />
              <MetadataToken>100663301</MetadataToken>
              <Name>UnityEngine.AudioClip SoundManager::GetClip(System.String)</Name>
              <FileRef uid="1" />
              <SequencePoints>
                <SequencePoint vc="4" uspid="25" ordinal="0" offset="0" sl="60" sc="5" el="60" ec="5" bec="0" bev="0" fileid="1" />
                <SequencePoint vc="4" uspid="26" ordinal="0" offset="1" sl="61" sc="9" el="61" ec="9" bec="0" bev="0" fileid="1" />
                <SequencePoint vc="4" uspid="27" ordinal="0" offset="14" sl="63" sc="9" el="63" ec="9" bec="0" bev="0" fileid="1" />
                <SequencePoint vc="0" uspid="28" ordinal="0" offset="25" sl="63" sc="27" el="63" ec="27" bec="0" bev="0" fileid="1" />
                <SequencePoint vc="0" uspid="29" ordinal="0" offset="26" sl="63" sc="29" el="63" ec="29" bec="0" bev="0" fileid="1" />
                <SequencePoint vc="0" uspid="30" ordinal="0" offset="43" sl="63" sc="72" el="63" ec="72" bec="0" bev="0" fileid="1" />
                <SequencePoint vc="4" uspid="31" ordinal="0" offset="44" sl="65" sc="9" el="65" ec="9" bec="0" bev="0" fileid="1" />
                <SequencePoint vc="4" uspid="32" ordinal="0" offset="48" sl="66" sc="5" el="66" ec="5" bec="0" bev="0" fileid="1" />
              </SequencePoints>
              <BranchPoints />
            </Method>
            <Method visited="true" cyclomaticComplexity="0" nPathComplexity="0" sequenceCoverage="80.00" branchCoverage="0" crapScore="0" isConstructor="false" isStatic="false" isGetter="false" isSetter="false">
              <Summary numSequencePoints="5" visitedSequencePoints="4" numBranchPoints="0" visitedBranchPoints="0" sequenceCoverage="80.00" branchCoverage="0" maxCyclomaticComplexity="0" minCyclomaticComplexity="0" maxCrapScore="0" minCrapScore="0" visitedClasses="0" numClasses="0" visitedMethods="1" numMethods="1" />
              <MetadataToken>100663302</MetadataToken>
              <Name>System.Void SoundManager::StopAllSound()</Name>
              <FileRef uid="1" />
              <SequencePoints>
                <SequencePoint vc="1" uspid="33" ordinal="0" offset="0" sl="70" sc="5" el="70" ec="5" bec="0" bev="0" fileid="1" />
                <SequencePoint vc="1" uspid="34" ordinal="0" offset="1" sl="71" sc="9" el="71" ec="9" bec="0" bev="0" fileid="1" />
                <SequencePoint vc="1" uspid="35" ordinal="0" offset="14" sl="71" sc="34" el="71" ec="34" bec="0" bev="0" fileid="1" />
                <SequencePoint vc="0" uspid="36" ordinal="0" offset="16" sl="80" sc="9" el="80" ec="9" bec="0" bev="0" fileid="1" />
                <SequencePoint vc="1" uspid="37" ordinal="0" offset="28" sl="81" sc="5" el="81" ec="5" bec="0" bev="0" fileid="1" />
              </SequencePoints>
              <BranchPoints />
            </Method>
            <Method visited="true" cyclomaticComplexity="0" nPathComplexity="0" sequenceCoverage="81.25" branchCoverage="0" crapScore="0" isConstructor="false" isStatic="false" isGetter="false" isSetter="false">
              <Summary numSequencePoints="16" visitedSequencePoints="13" numBranchPoints="0" visitedBranchPoints="0" sequenceCoverage="81.25" branchCoverage="0" maxCyclomaticComplexity="0" minCyclomaticComplexity="0" maxCrapScore="0" minCrapScore="0" visitedClasses="0" numClasses="0" visitedMethods="1" numMethods="1" />
              <MetadataToken>100663304</MetadataToken>
              <Name>System.Void SoundManager::Play(System.String, SoundCatecory, System.Boolean, System.Single)</Name>
              <FileRef uid="1" />
              <SequencePoints>
                <SequencePoint vc="4" uspid="52" ordinal="0" offset="42" sl="100" sc="5" el="100" ec="5" bec="0" bev="0" fileid="1" />
                <SequencePoint vc="4" uspid="53" ordinal="0" offset="43" sl="101" sc="9" el="101" ec="9" bec="0" bev="0" fileid="1" />
                <SequencePoint vc="1" uspid="54" ordinal="0" offset="56" sl="102" sc="9" el="102" ec="9" bec="0" bev="0" fileid="1" />
                <SequencePoint vc="1" uspid="55" ordinal="0" offset="57" sl="103" sc="13" el="103" ec="13" bec="0" bev="0" fileid="1" />
                <SequencePoint vc="1" uspid="56" ordinal="0" offset="75" sl="113" sc="9" el="113" ec="9" bec="0" bev="0" fileid="1" />
                <SequencePoint vc="3" uspid="57" ordinal="0" offset="78" sl="116" sc="9" el="116" ec="9" bec="0" bev="0" fileid="1" />
                <SequencePoint vc="3" uspid="58" ordinal="0" offset="79" sl="117" sc="13" el="117" ec="13" bec="0" bev="0" fileid="1" />
                <SequencePoint vc="3" uspid="59" ordinal="0" offset="91" sl="118" sc="13" el="118" ec="13" bec="0" bev="0" fileid="1" />
                <SequencePoint vc="3" uspid="60" ordinal="0" offset="98" sl="120" sc="13" el="120" ec="13" bec="0" bev="0" fileid="1" />
                <SequencePoint vc="0" uspid="61" ordinal="0" offset="110" sl="120" sc="25" el="120" ec="25" bec="0" bev="0" fileid="1" />
                <SequencePoint vc="0" uspid="62" ordinal="0" offset="111" sl="120" sc="27" el="120" ec="27" bec="0" bev="0" fileid="1" />
                <SequencePoint vc="0" uspid="63" ordinal="0" offset="124" sl="120" sc="51" el="120" ec="51" bec="0" bev="0" fileid="1" />
                <SequencePoint vc="3" uspid="64" ordinal="0" offset="125" sl="122" sc="13" el="122" ec="13" bec="0" bev="0" fileid="1" />
                <SequencePoint vc="3" uspid="65" ordinal="0" offset="144" sl="123" sc="13" el="123" ec="13" bec="0" bev="0" fileid="1" />
                <SequencePoint vc="3" uspid="66" ordinal="0" offset="193" sl="124" sc="9" el="124" ec="9" bec="0" bev="0" fileid="1" />
                <SequencePoint vc="4" uspid="67" ordinal="0" offset="194" sl="127" sc="5" el="127" ec="5" bec="0" bev="0" fileid="1" />
              </SequencePoints>
              <BranchPoints />
            </Method>
            <Method visited="true" cyclomaticComplexity="0" nPathComplexity="0" sequenceCoverage="100.0" branchCoverage="0" crapScore="0" isConstructor="false" isStatic="false" isGetter="false" isSetter="false">
              <Summary numSequencePoints="3" visitedSequencePoints="3" numBranchPoints="0" visitedBranchPoints="0" sequenceCoverage="100.0" branchCoverage="0" maxCyclomaticComplexity="0" minCyclomaticComplexity="0" maxCrapScore="0" minCrapScore="0" visitedClasses="0" numClasses="0" visitedMethods="1" numMethods="1" />
              <MetadataToken>100663306</MetadataToken>
              <Name>System.Void SoundManager::SetVolume(SoundCatecory, System.Single)</Name>
              <FileRef uid="1" />
              <SequencePoints>
                <SequencePoint vc="3" uspid="72" ordinal="0" offset="0" sl="140" sc="5" el="140" ec="5" bec="0" bev="0" fileid="1" />
                <SequencePoint vc="3" uspid="73" ordinal="0" offset="1" sl="141" sc="9" el="141" ec="9" bec="0" bev="0" fileid="1" />
                <SequencePoint vc="3" uspid="74" ordinal="0" offset="27" sl="142" sc="5" el="142" ec="5" bec="0" bev="0" fileid="1" />
              </SequencePoints>
              <BranchPoints />
            </Method>
          </Methods>
        </Class>
        <Class>
          <Summary numSequencePoints="15" visitedSequencePoints="15" numBranchPoints="0" visitedBranchPoints="0" sequenceCoverage="100.0" branchCoverage="0.0" maxCyclomaticComplexity="0" minCyclomaticComplexity="0" maxCrapScore="0" minCrapScore="0" visitedClasses="1" numClasses="1" visitedMethods="3" numMethods="3" />
          <FullName>SoundClip</FullName>
          <Methods>
            <Method visited="true" cyclomaticComplexity="0" nPathComplexity="0" sequenceCoverage="100.0" branchCoverage="0" crapScore="0" isConstructor="false" isStatic="false" isGetter="false" isSetter="false">
              <Summary numSequencePoints="3" visitedSequencePoints="3" numBranchPoints="0" visitedBranchPoints="0" sequenceCoverage="100.0" branchCoverage="0" maxCyclomaticComplexity="0" minCyclomaticComplexity="0" maxCrapScore="0" minCrapScore="0" visitedClasses="0" numClasses="0" visitedMethods="1" numMethods="1" />
              <MetadataToken>100663309</MetadataToken>
              <Name>System.Void SoundClip::Awake()</Name>
              <FileRef uid="1" />
              <SequencePoints>
                <SequencePoint vc="4" uspid="78" ordinal="0" offset="0" sl="157" sc="5" el="157" ec="5" bec="0" bev="0" fileid="1" />
                <SequencePoint vc="4" uspid="79" ordinal="0" offset="1" sl="158" sc="9" el="158" ec="9" bec="0" bev="0" fileid="1" />
                <SequencePoint vc="4" uspid="80" ordinal="0" offset="13" sl="159" sc="5" el="159" ec="5" bec="0" bev="0" fileid="1" />
              </SequencePoints>
              <BranchPoints />
            </Method>
            <Method visited="true" cyclomaticComplexity="0" nPathComplexity="0" sequenceCoverage="100.0" branchCoverage="0" crapScore="0" isConstructor="false" isStatic="false" isGetter="false" isSetter="false">
              <Summary numSequencePoints="9" visitedSequencePoints="9" numBranchPoints="0" visitedBranchPoints="0" sequenceCoverage="100.0" branchCoverage="0" maxCyclomaticComplexity="0" minCyclomaticComplexity="0" maxCrapScore="0" minCrapScore="0" visitedClasses="0" numClasses="0" visitedMethods="1" numMethods="1" />
              <MetadataToken>100663310</MetadataToken>
              <Name>System.Void SoundClip::Play(UnityEngine.Audio.AudioMixerGroup, System.Single, System.Boolean)</Name>
              <FileRef uid="1" />
              <SequencePoints>
                <SequencePoint vc="4" uspid="81" ordinal="0" offset="0" sl="162" sc="5" el="162" ec="5" bec="0" bev="0" fileid="1" />
                <SequencePoint vc="4" uspid="82" ordinal="0" offset="1" sl="163" sc="9" el="163" ec="9" bec="0" bev="0" fileid="1" />
                <SequencePoint vc="4" uspid="83" ordinal="0" offset="14" sl="164" sc="9" el="164" ec="9" bec="0" bev="0" fileid="1" />
                <SequencePoint vc="4" uspid="84" ordinal="0" offset="27" sl="165" sc="9" el="165" ec="9" bec="0" bev="0" fileid="1" />
                <SequencePoint vc="4" uspid="85" ordinal="0" offset="39" sl="167" sc="9" el="167" ec="9" bec="0" bev="0" fileid="1" />
                <SequencePoint vc="3" uspid="86" ordinal="0" offset="47" sl="167" sc="22" el="167" ec="22" bec="0" bev="0" fileid="1" />
                <SequencePoint vc="3" uspid="87" ordinal="0" offset="48" sl="167" sc="24" el="167" ec="24" bec="0" bev="0" fileid="1" />
                <SequencePoint vc="3" uspid="88" ordinal="0" offset="77" sl="167" sc="89" el="167" ec="89" bec="0" bev="0" fileid="1" />
                <SequencePoint vc="4" uspid="89" ordinal="0" offset="78" sl="168" sc="5" el="168" ec="5" bec="0" bev="0" fileid="1" />
              </SequencePoints>
              <BranchPoints />
            </Method>
            <Method visited="true" cyclomaticComplexity="0" nPathComplexity="0" sequenceCoverage="100.0" branchCoverage="0" crapScore="0" isConstructor="false" isStatic="false" isGetter="false" isSetter="false">
              <Summary numSequencePoints="3" visitedSequencePoints="3" numBranchPoints="0" visitedBranchPoints="0" sequenceCoverage="100.0" branchCoverage="0" maxCyclomaticComplexity="0" minCyclomaticComplexity="0" maxCrapScore="0" minCrapScore="0" visitedClasses="0" numClasses="0" visitedMethods="1" numMethods="1" />
              <MetadataToken>100663311</MetadataToken>
              <Name>System.Void SoundClip::InitSound(UnityEngine.AudioClip)</Name>
              <FileRef uid="1" />
              <SequencePoints>
                <SequencePoint vc="4" uspid="90" ordinal="0" offset="0" sl="171" sc="5" el="171" ec="5" bec="0" bev="0" fileid="1" />
                <SequencePoint vc="4" uspid="91" ordinal="0" offset="1" sl="172" sc="9" el="172" ec="9" bec="0" bev="0" fileid="1" />
                <SequencePoint vc="4" uspid="92" ordinal="0" offset="14" sl="173" sc="5" el="173" ec="5" bec="0" bev="0" fileid="1" />
              </SequencePoints>
              <BranchPoints />
            </Method>
          </Methods>
        </Class>
        <Class>
          <Summary numSequencePoints="3" visitedSequencePoints="3" numBranchPoints="0" visitedBranchPoints="0" sequenceCoverage="100.0" branchCoverage="0.0" maxCyclomaticComplexity="0" minCyclomaticComplexity="0" maxCrapScore="0" minCrapScore="0" visitedClasses="1" numClasses="1" visitedMethods="1" numMethods="1" />
          <FullName>SoundSlider</FullName>
          <Methods>
            <Method visited="true" cyclomaticComplexity="0" nPathComplexity="0" sequenceCoverage="100.0" branchCoverage="0" crapScore="0" isConstructor="false" isStatic="false" isGetter="false" isSetter="false">
              <Summary numSequencePoints="3" visitedSequencePoints="3" numBranchPoints="0" visitedBranchPoints="0" sequenceCoverage="100.0" branchCoverage="0" maxCyclomaticComplexity="0" minCyclomaticComplexity="0" maxCrapScore="0" minCrapScore="0" visitedClasses="0" numClasses="0" visitedMethods="1" numMethods="1" />
              <MetadataToken>100663315</MetadataToken>
              <Name>System.Void SoundSlider::SLIDER_ModifyVolume()</Name>
              <FileRef uid="2" />
              <SequencePoints>
                <SequencePoint vc="3" uspid="96" ordinal="0" offset="0" sl="23" sc="5" el="23" ec="5" bec="0" bev="0" fileid="2" />
                <SequencePoint vc="3" uspid="97" ordinal="0" offset="1" sl="24" sc="9" el="24" ec="9" bec="0" bev="0" fileid="2" />
                <SequencePoint vc="3" uspid="98" ordinal="0" offset="29" sl="25" sc="5" el="25" ec="5" bec="0" bev="0" fileid="2" />
              </SequencePoints>
              <BranchPoints />
            </Method>
          </Methods>
        </Class>
        <Class>
          <Summary numSequencePoints="53" visitedSequencePoints="48" numBranchPoints="0" visitedBranchPoints="0" sequenceCoverage="90.57" branchCoverage="0.0" maxCyclomaticComplexity="0" minCyclomaticComplexity="0" maxCrapScore="0" minCrapScore="0" visitedClasses="1" numClasses="1" visitedMethods="5" numMethods="5" />
          <FullName>OptionData</FullName>
          <Methods>
            <Method visited="true" cyclomaticComplexity="0" nPathComplexity="0" sequenceCoverage="100.0" branchCoverage="0" crapScore="0" isConstructor="false" isStatic="false" isGetter="false" isSetter="false">
              <Summary numSequencePoints="3" visitedSequencePoints="3" numBranchPoints="0" visitedBranchPoints="0" sequenceCoverage="100.0" branchCoverage="0" maxCyclomaticComplexity="0" minCyclomaticComplexity="0" maxCrapScore="0" minCrapScore="0" visitedClasses="0" numClasses="0" visitedMethods="1" numMethods="1" />
              <MetadataToken>100663324</MetadataToken>
              <Name>System.Void OptionData::Awake()</Name>
              <FileRef uid="5" />
              <SequencePoints>
                <SequencePoint vc="1" uspid="111" ordinal="0" offset="0" sl="13" sc="5" el="13" ec="5" bec="0" bev="0" fileid="5" />
                <SequencePoint vc="1" uspid="112" ordinal="0" offset="1" sl="14" sc="9" el="14" ec="9" bec="0" bev="0" fileid="5" />
                <SequencePoint vc="1" uspid="113" ordinal="0" offset="22" sl="15" sc="5" el="15" ec="5" bec="0" bev="0" fileid="5" />
              </SequencePoints>
              <BranchPoints />
            </Method>
            <Method visited="true" cyclomaticComplexity="0" nPathComplexity="0" sequenceCoverage="95.65" branchCoverage="0" crapScore="0" isConstructor="false" isStatic="false" isGetter="false" isSetter="false">
              <Summary numSequencePoints="23" visitedSequencePoints="22" numBranchPoints="0" visitedBranchPoints="0" sequenceCoverage="95.65" branchCoverage="0" maxCyclomaticComplexity="0" minCyclomaticComplexity="0" maxCrapScore="0" minCrapScore="0" visitedClasses="0" numClasses="0" visitedMethods="1" numMethods="1" />
              <MetadataToken>100663325</MetadataToken>
              <Name>System.Void OptionData::OnEnable()</Name>
              <FileRef uid="5" />
              <SequencePoints>
                <SequencePoint vc="1" uspid="114" ordinal="0" offset="0" sl="21" sc="5" el="21" ec="5" bec="0" bev="0" fileid="5" />
                <SequencePoint vc="1" uspid="115" ordinal="0" offset="1" sl="22" sc="9" el="22" ec="9" bec="0" bev="0" fileid="5" />
                <SequencePoint vc="1" uspid="116" ordinal="0" offset="19" sl="23" sc="9" el="23" ec="9" bec="0" bev="0" fileid="5" />
                <SequencePoint vc="1" uspid="117" ordinal="0" offset="20" sl="24" sc="13" el="24" ec="13" bec="0" bev="0" fileid="5" />
                <SequencePoint vc="1" uspid="118" ordinal="0" offset="32" sl="25" sc="13" el="25" ec="13" bec="0" bev="0" fileid="5" />
                <SequencePoint vc="1" uspid="119" ordinal="0" offset="44" sl="27" sc="13" el="27" ec="13" bec="0" bev="0" fileid="5" />
                <SequencePoint vc="1" uspid="120" ordinal="0" offset="56" sl="29" sc="13" el="29" ec="13" bec="0" bev="0" fileid="5" />
                <SequencePoint vc="1" uspid="121" ordinal="0" offset="57" sl="29" sc="35" el="29" ec="35" bec="0" bev="0" fileid="5" />
                <SequencePoint vc="3" uspid="122" ordinal="0" offset="67" sl="29" sc="22" el="29" ec="22" bec="0" bev="0" fileid="5" />
                <SequencePoint vc="3" uspid="123" ordinal="0" offset="73" sl="30" sc="13" el="30" ec="13" bec="0" bev="0" fileid="5" />
                <SequencePoint vc="3" uspid="124" ordinal="0" offset="74" sl="31" sc="17" el="31" ec="17" bec="0" bev="0" fileid="5" />
                <SequencePoint vc="1" uspid="125" ordinal="0" offset="131" sl="34" sc="25" el="34" ec="25" bec="0" bev="0" fileid="5" />
                <SequencePoint vc="1" uspid="126" ordinal="0" offset="150" sl="35" sc="25" el="35" ec="25" bec="0" bev="0" fileid="5" />
                <SequencePoint vc="1" uspid="127" ordinal="0" offset="152" sl="38" sc="25" el="38" ec="25" bec="0" bev="0" fileid="5" />
                <SequencePoint vc="1" uspid="128" ordinal="0" offset="171" sl="39" sc="25" el="39" ec="25" bec="0" bev="0" fileid="5" />
                <SequencePoint vc="1" uspid="129" ordinal="0" offset="173" sl="42" sc="25" el="42" ec="25" bec="0" bev="0" fileid="5" />
                <SequencePoint vc="1" uspid="130" ordinal="0" offset="192" sl="43" sc="25" el="43" ec="25" bec="0" bev="0" fileid="5" />
                <SequencePoint vc="3" uspid="131" ordinal="0" offset="194" sl="46" sc="13" el="46" ec="13" bec="0" bev="0" fileid="5" />
                <SequencePoint vc="4" uspid="132" ordinal="0" offset="201" sl="29" sc="32" el="29" ec="32" bec="0" bev="0" fileid="5" />
                <SequencePoint vc="1" uspid="133" ordinal="0" offset="211" sl="50" sc="13" el="50" ec="13" bec="0" bev="0" fileid="5" />
                <SequencePoint vc="1" uspid="134" ordinal="0" offset="222" sl="51" sc="9" el="51" ec="9" bec="0" bev="0" fileid="5" />
                <SequencePoint vc="0" uspid="135" ordinal="0" offset="225" sl="53" sc="14" el="53" ec="14" bec="0" bev="0" fileid="5" />
                <SequencePoint vc="1" uspid="136" ordinal="0" offset="232" sl="54" sc="5" el="54" ec="5" bec="0" bev="0" fileid="5" />
              </SequencePoints>
              <BranchPoints />
            </Method>
            <Method visited="true" cyclomaticComplexity="0" nPathComplexity="0" sequenceCoverage="55.56" branchCoverage="0" crapScore="0" isConstructor="false" isStatic="false" isGetter="false" isSetter="false">
              <Summary numSequencePoints="9" visitedSequencePoints="5" numBranchPoints="0" visitedBranchPoints="0" sequenceCoverage="55.56" branchCoverage="0" maxCyclomaticComplexity="0" minCyclomaticComplexity="0" maxCrapScore="0" minCrapScore="0" visitedClasses="0" numClasses="0" visitedMethods="1" numMethods="1" />
              <MetadataToken>100663327</MetadataToken>
              <Name>System.Void OptionData::SaveFile()</Name>
              <FileRef uid="5" />
              <SequencePoints>
                <SequencePoint vc="1" uspid="141" ordinal="0" offset="0" sl="64" sc="5" el="64" ec="5" bec="0" bev="0" fileid="5" />
                <SequencePoint vc="1" uspid="142" ordinal="0" offset="1" sl="65" sc="9" el="65" ec="9" bec="0" bev="0" fileid="5" />
                <SequencePoint vc="1" uspid="143" ordinal="0" offset="14" sl="67" sc="9" el="67" ec="9" bec="0" bev="0" fileid="5" />
                <SequencePoint vc="0" uspid="144" ordinal="0" offset="32" sl="68" sc="9" el="68" ec="9" bec="0" bev="0" fileid="5" />
                <SequencePoint vc="0" uspid="145" ordinal="0" offset="33" sl="69" sc="13" el="69" ec="13" bec="0" bev="0" fileid="5" />
                <SequencePoint vc="0" uspid="146" ordinal="0" offset="50" sl="70" sc="13" el="70" ec="13" bec="0" bev="0" fileid="5" />
                <SequencePoint vc="0" uspid="147" ordinal="0" offset="67" sl="71" sc="9" el="71" ec="9" bec="0" bev="0" fileid="5" />
                <SequencePoint vc="1" uspid="148" ordinal="0" offset="68" sl="72" sc="9" el="72" ec="9" bec="0" bev="0" fileid="5" />
                <SequencePoint vc="1" uspid="149" ordinal="0" offset="81" sl="73" sc="5" el="73" ec="5" bec="0" bev="0" fileid="5" />
              </SequencePoints>
              <BranchPoints />
            </Method>
            <Method visited="true" cyclomaticComplexity="0" nPathComplexity="0" sequenceCoverage="100.0" branchCoverage="0" crapScore="0" isConstructor="false" isStatic="false" isGetter="false" isSetter="false">
              <Summary numSequencePoints="17" visitedSequencePoints="17" numBranchPoints="0" visitedBranchPoints="0" sequenceCoverage="100.0" branchCoverage="0" maxCyclomaticComplexity="0" minCyclomaticComplexity="0" maxCrapScore="0" minCrapScore="0" visitedClasses="0" numClasses="0" visitedMethods="1" numMethods="1" />
              <MetadataToken>100663328</MetadataToken>
              <Name>System.Void OptionData::OnDestroy()</Name>
              <FileRef uid="5" />
              <SequencePoints>
                <SequencePoint vc="1" uspid="150" ordinal="0" offset="0" sl="76" sc="5" el="76" ec="5" bec="0" bev="0" fileid="5" />
                <SequencePoint vc="1" uspid="151" ordinal="0" offset="1" sl="77" sc="9" el="77" ec="9" bec="0" bev="0" fileid="5" />
                <SequencePoint vc="1" uspid="152" ordinal="0" offset="13" sl="79" sc="9" el="79" ec="9" bec="0" bev="0" fileid="5" />
                <SequencePoint vc="1" uspid="153" ordinal="0" offset="14" sl="79" sc="31" el="79" ec="31" bec="0" bev="0" fileid="5" />
                <SequencePoint vc="3" uspid="154" ordinal="0" offset="20" sl="79" sc="18" el="79" ec="18" bec="0" bev="0" fileid="5" />
                <SequencePoint vc="3" uspid="155" ordinal="0" offset="24" sl="80" sc="9" el="80" ec="9" bec="0" bev="0" fileid="5" />
                <SequencePoint vc="3" uspid="156" ordinal="0" offset="25" sl="81" sc="13" el="81" ec="13" bec="0" bev="0" fileid="5" />
                <SequencePoint vc="1" uspid="157" ordinal="0" offset="81" sl="84" sc="21" el="84" ec="21" bec="0" bev="0" fileid="5" />
                <SequencePoint vc="1" uspid="158" ordinal="0" offset="98" sl="85" sc="21" el="85" ec="21" bec="0" bev="0" fileid="5" />
                <SequencePoint vc="1" uspid="159" ordinal="0" offset="100" sl="88" sc="21" el="88" ec="21" bec="0" bev="0" fileid="5" />
                <SequencePoint vc="1" uspid="160" ordinal="0" offset="117" sl="89" sc="21" el="89" ec="21" bec="0" bev="0" fileid="5" />
                <SequencePoint vc="1" uspid="161" ordinal="0" offset="119" sl="92" sc="21" el="92" ec="21" bec="0" bev="0" fileid="5" />
                <SequencePoint vc="1" uspid="162" ordinal="0" offset="136" sl="93" sc="21" el="93" ec="21" bec="0" bev="0" fileid="5" />
                <SequencePoint vc="3" uspid="163" ordinal="0" offset="138" sl="96" sc="9" el="96" ec="9" bec="0" bev="0" fileid="5" />
                <SequencePoint vc="4" uspid="164" ordinal="0" offset="143" sl="79" sc="28" el="79" ec="28" bec="0" bev="0" fileid="5" />
                <SequencePoint vc="1" uspid="165" ordinal="0" offset="152" sl="98" sc="9" el="98" ec="9" bec="0" bev="0" fileid="5" />
                <SequencePoint vc="1" uspid="166" ordinal="0" offset="159" sl="101" sc="5" el="101" ec="5" bec="0" bev="0" fileid="5" />
              </SequencePoints>
              <BranchPoints />
            </Method>
            <Method visited="true" cyclomaticComplexity="0" nPathComplexity="0" sequenceCoverage="100.0" branchCoverage="0" crapScore="0" isConstructor="true" isStatic="false" isGetter="false" isSetter="false">
              <Summary numSequencePoints="1" visitedSequencePoints="1" numBranchPoints="0" visitedBranchPoints="0" sequenceCoverage="100.0" branchCoverage="0" maxCyclomaticComplexity="0" minCyclomaticComplexity="0" maxCrapScore="0" minCrapScore="0" visitedClasses="0" numClasses="0" visitedMethods="1" numMethods="1" />
              <MetadataToken>100663329</MetadataToken>
              <Name>OptionData::OptionData()</Name>
              <FileRef uid="5" />
              <SequencePoints>
                <SequencePoint vc="1" uspid="167" ordinal="0" offset="0" sl="17" sc="5" el="17" ec="5" bec="0" bev="0" fileid="5" />
              </SequencePoints>
              <BranchPoints />
            </Method>
          </Methods>
        </Class>
        <Class>
          <Summary numSequencePoints="12" visitedSequencePoints="12" numBranchPoints="0" visitedBranchPoints="0" sequenceCoverage="100.0" branchCoverage="0.0" maxCyclomaticComplexity="0" minCyclomaticComplexity="0" maxCrapScore="0" minCrapScore="0" visitedClasses="1" numClasses="1" visitedMethods="2" numMethods="2" />
          <FullName>PopUp</FullName>
          <Methods>
            <Method visited="true" cyclomaticComplexity="0" nPathComplexity="0" sequenceCoverage="100.0" branchCoverage="0" crapScore="0" isConstructor="false" isStatic="false" isGetter="false" isSetter="false">
              <Summary numSequencePoints="3" visitedSequencePoints="3" numBranchPoints="0" visitedBranchPoints="0" sequenceCoverage="100.0" branchCoverage="0" maxCyclomaticComplexity="0" minCyclomaticComplexity="0" maxCrapScore="0" minCrapScore="0" visitedClasses="0" numClasses="0" visitedMethods="1" numMethods="1" />
              <MetadataToken>100663334</MetadataToken>
              <Name>System.Void PopUp::Awake()</Name>
              <FileRef uid="6" />
              <SequencePoints>
                <SequencePoint vc="4" uspid="173" ordinal="0" offset="0" sl="18" sc="5" el="18" ec="5" bec="0" bev="0" fileid="6" />
                <SequencePoint vc="4" uspid="174" ordinal="0" offset="1" sl="19" sc="9" el="19" ec="9" bec="0" bev="0" fileid="6" />
                <SequencePoint vc="4" uspid="175" ordinal="0" offset="13" sl="21" sc="5" el="21" ec="5" bec="0" bev="0" fileid="6" />
              </SequencePoints>
              <BranchPoints />
            </Method>
            <Method visited="true" cyclomaticComplexity="0" nPathComplexity="0" sequenceCoverage="100.0" branchCoverage="0" crapScore="0" isConstructor="false" isStatic="false" isGetter="false" isSetter="false">
              <Summary numSequencePoints="9" visitedSequencePoints="9" numBranchPoints="0" visitedBranchPoints="0" sequenceCoverage="100.0" branchCoverage="0" maxCyclomaticComplexity="0" minCyclomaticComplexity="0" maxCrapScore="0" minCrapScore="0" visitedClasses="0" numClasses="0" visitedMethods="1" numMethods="1" />
              <MetadataToken>100663336</MetadataToken>
              <Name>System.Void PopUp::OnDestroy()</Name>
              <FileRef uid="6" />
              <SequencePoints>
                <SequencePoint vc="4" uspid="188" ordinal="0" offset="0" sl="36" sc="5" el="36" ec="5" bec="0" bev="0" fileid="6" />
                <SequencePoint vc="4" uspid="189" ordinal="0" offset="1" sl="37" sc="9" el="37" ec="9" bec="0" bev="0" fileid="6" />
                <SequencePoint vc="4" uspid="190" ordinal="0" offset="2" sl="37" sc="32" el="37" ec="32" bec="0" bev="0" fileid="6" />
                <SequencePoint vc="5" uspid="191" ordinal="0" offset="13" sl="37" sc="18" el="37" ec="18" bec="0" bev="0" fileid="6" />
                <SequencePoint vc="5" uspid="192" ordinal="0" offset="17" sl="38" sc="9" el="38" ec="9" bec="0" bev="0" fileid="6" />
                <SequencePoint vc="5" uspid="193" ordinal="0" offset="18" sl="39" sc="13" el="39" ec="13" bec="0" bev="0" fileid="6" />
                <SequencePoint vc="5" uspid="194" ordinal="0" offset="37" sl="40" sc="9" el="40" ec="9" bec="0" bev="0" fileid="6" />
                <SequencePoint vc="9" uspid="195" ordinal="0" offset="42" sl="37" sc="29" el="37" ec="29" bec="0" bev="0" fileid="6" />
                <SequencePoint vc="4" uspid="196" ordinal="0" offset="48" sl="41" sc="5" el="41" ec="5" bec="0" bev="0" fileid="6" />
              </SequencePoints>
              <BranchPoints />
            </Method>
          </Methods>
        </Class>
        <Class>
          <Summary numSequencePoints="16" visitedSequencePoints="14" numBranchPoints="0" visitedBranchPoints="0" sequenceCoverage="87.50" branchCoverage="0.0" maxCyclomaticComplexity="0" minCyclomaticComplexity="0" maxCrapScore="0" minCrapScore="0" visitedClasses="1" numClasses="1" visitedMethods="2" numMethods="2" />
          <FullName>PopupController</FullName>
          <Methods>
            <Method visited="true" cyclomaticComplexity="0" nPathComplexity="0" sequenceCoverage="80.00" branchCoverage="0" crapScore="0" isConstructor="false" isStatic="false" isGetter="false" isSetter="false">
              <Summary numSequencePoints="10" visitedSequencePoints="8" numBranchPoints="0" visitedBranchPoints="0" sequenceCoverage="80.00" branchCoverage="0" maxCyclomaticComplexity="0" minCyclomaticComplexity="0" maxCrapScore="0" minCrapScore="0" visitedClasses="0" numClasses="0" visitedMethods="1" numMethods="1" />
              <MetadataToken>100663341</MetadataToken>
              <Name>System.Void PopupController::OnEnable()</Name>
              <FileRef uid="7" />
              <SequencePoints>
                <SequencePoint vc="2" uspid="202" ordinal="0" offset="0" sl="17" sc="5" el="17" ec="5" bec="0" bev="0" fileid="7" />
                <SequencePoint vc="2" uspid="203" ordinal="0" offset="1" sl="18" sc="9" el="18" ec="9" bec="0" bev="0" fileid="7" />
                <SequencePoint vc="2" uspid="204" ordinal="0" offset="21" sl="21" sc="17" el="21" ec="17" bec="0" bev="0" fileid="7" />
                <SequencePoint vc="0" uspid="205" ordinal="0" offset="23" sl="24" sc="17" el="24" ec="17" bec="0" bev="0" fileid="7" />
                <SequencePoint vc="0" uspid="206" ordinal="0" offset="57" sl="29" sc="17" el="29" ec="17" bec="0" bev="0" fileid="7" />
                <SequencePoint vc="2" uspid="207" ordinal="0" offset="59" sl="32" sc="9" el="32" ec="9" bec="0" bev="0" fileid="7" />
                <SequencePoint vc="2" uspid="208" ordinal="0" offset="72" sl="33" sc="9" el="33" ec="9" bec="0" bev="0" fileid="7" />
                <SequencePoint vc="2" uspid="209" ordinal="0" offset="73" sl="34" sc="13" el="34" ec="13" bec="0" bev="0" fileid="7" />
                <SequencePoint vc="2" uspid="210" ordinal="0" offset="84" sl="35" sc="9" el="35" ec="9" bec="0" bev="0" fileid="7" />
                <SequencePoint vc="2" uspid="211" ordinal="0" offset="85" sl="36" sc="5" el="36" ec="5" bec="0" bev="0" fileid="7" />
              </SequencePoints>
              <BranchPoints />
            </Method>
            <Method visited="true" cyclomaticComplexity="0" nPathComplexity="0" sequenceCoverage="100.0" branchCoverage="0" crapScore="0" isConstructor="false" isStatic="false" isGetter="false" isSetter="false">
              <Summary numSequencePoints="6" visitedSequencePoints="6" numBranchPoints="0" visitedBranchPoints="0" sequenceCoverage="100.0" branchCoverage="0" maxCyclomaticComplexity="0" minCyclomaticComplexity="0" maxCrapScore="0" minCrapScore="0" visitedClasses="0" numClasses="0" visitedMethods="1" numMethods="1" />
              <MetadataToken>100663342</MetadataToken>
              <Name>System.Void PopupController::OnDisable()</Name>
              <FileRef uid="7" />
              <SequencePoints>
                <SequencePoint vc="2" uspid="212" ordinal="0" offset="0" sl="39" sc="5" el="39" ec="5" bec="0" bev="0" fileid="7" />
                <SequencePoint vc="2" uspid="213" ordinal="0" offset="1" sl="40" sc="9" el="40" ec="9" bec="0" bev="0" fileid="7" />
                <SequencePoint vc="2" uspid="214" ordinal="0" offset="14" sl="41" sc="9" el="41" ec="9" bec="0" bev="0" fileid="7" />
                <SequencePoint vc="2" uspid="215" ordinal="0" offset="15" sl="42" sc="13" el="42" ec="13" bec="0" bev="0" fileid="7" />
                <SequencePoint vc="2" uspid="216" ordinal="0" offset="26" sl="43" sc="9" el="43" ec="9" bec="0" bev="0" fileid="7" />
                <SequencePoint vc="2" uspid="217" ordinal="0" offset="27" sl="44" sc="5" el="44" ec="5" bec="0" bev="0" fileid="7" />
              </SequencePoints>
              <BranchPoints />
            </Method>
          </Methods>
        </Class>
        <Class>
          <Summary numSequencePoints="13" visitedSequencePoints="13" numBranchPoints="0" visitedBranchPoints="0" sequenceCoverage="100.0" branchCoverage="0.0" maxCyclomaticComplexity="0" minCyclomaticComplexity="0" maxCrapScore="0" minCrapScore="0" visitedClasses="1" numClasses="1" visitedMethods="2" numMethods="2" />
          <FullName>ButtonClickEvent</FullName>
          <Methods>
            <Method visited="true" cyclomaticComplexity="0" nPathComplexity="0" sequenceCoverage="100.0" branchCoverage="0" crapScore="0" isConstructor="false" isStatic="false" isGetter="false" isSetter="false">
              <Summary numSequencePoints="7" visitedSequencePoints="7" numBranchPoints="0" visitedBranchPoints="0" sequenceCoverage="100.0" branchCoverage="0" maxCyclomaticComplexity="0" minCyclomaticComplexity="0" maxCrapScore="0" minCrapScore="0" visitedClasses="0" numClasses="0" visitedMethods="1" numMethods="1" />
              <MetadataToken>100663354</MetadataToken>
              <Name>System.Void ButtonClickEvent::Start()</Name>
              <FileRef uid="9" />
              <SequencePoints>
                <SequencePoint vc="2" uspid="305" ordinal="0" offset="0" sl="15" sc="5" el="15" ec="5" bec="0" bev="0" fileid="9" />
                <SequencePoint vc="2" uspid="306" ordinal="0" offset="1" sl="16" sc="9" el="16" ec="9" bec="0" bev="0" fileid="9" />
                <SequencePoint vc="2" uspid="307" ordinal="0" offset="13" sl="18" sc="9" el="18" ec="9" bec="0" bev="0" fileid="9" />
                <SequencePoint vc="2" uspid="308" ordinal="0" offset="29" sl="19" sc="9" el="19" ec="9" bec="0" bev="0" fileid="9" />
                <SequencePoint vc="2" uspid="309" ordinal="0" offset="30" sl="20" sc="13" el="20" ec="13" bec="0" bev="0" fileid="9" />
                <SequencePoint vc="2" uspid="310" ordinal="0" offset="59" sl="21" sc="9" el="21" ec="9" bec="0" bev="0" fileid="9" />
                <SequencePoint vc="2" uspid="311" ordinal="0" offset="60" sl="22" sc="5" el="22" ec="5" bec="0" bev="0" fileid="9" />
              </SequencePoints>
              <BranchPoints />
            </Method>
            <Method visited="true" cyclomaticComplexity="0" nPathComplexity="0" sequenceCoverage="100.0" branchCoverage="0" crapScore="0" isConstructor="false" isStatic="false" isGetter="false" isSetter="false">
              <Summary numSequencePoints="6" visitedSequencePoints="6" numBranchPoints="0" visitedBranchPoints="0" sequenceCoverage="100.0" branchCoverage="0" maxCyclomaticComplexity="0" minCyclomaticComplexity="0" maxCrapScore="0" minCrapScore="0" visitedClasses="0" numClasses="0" visitedMethods="1" numMethods="1" />
              <MetadataToken>100663355</MetadataToken>
              <Name>System.Void ButtonClickEvent::OnDestroy()</Name>
              <FileRef uid="9" />
              <SequencePoints>
                <SequencePoint vc="6" uspid="312" ordinal="0" offset="0" sl="25" sc="5" el="25" ec="5" bec="0" bev="0" fileid="9" />
                <SequencePoint vc="6" uspid="313" ordinal="0" offset="1" sl="26" sc="9" el="26" ec="9" bec="0" bev="0" fileid="9" />
                <SequencePoint vc="2" uspid="314" ordinal="0" offset="17" sl="27" sc="9" el="27" ec="9" bec="0" bev="0" fileid="9" />
                <SequencePoint vc="2" uspid="315" ordinal="0" offset="18" sl="28" sc="13" el="28" ec="13" bec="0" bev="0" fileid="9" />
                <SequencePoint vc="2" uspid="316" ordinal="0" offset="35" sl="29" sc="9" el="29" ec="9" bec="0" bev="0" fileid="9" />
                <SequencePoint vc="6" uspid="317" ordinal="0" offset="36" sl="30" sc="5" el="30" ec="5" bec="0" bev="0" fileid="9" />
              </SequencePoints>
              <BranchPoints />
            </Method>
          </Methods>
        </Class>
        <Class>
          <Summary numSequencePoints="12" visitedSequencePoints="12" numBranchPoints="0" visitedBranchPoints="0" sequenceCoverage="100.0" branchCoverage="0.0" maxCyclomaticComplexity="0" minCyclomaticComplexity="0" maxCrapScore="0" minCrapScore="0" visitedClasses="1" numClasses="1" visitedMethods="4" numMethods="4" />
          <FullName>CameraController</FullName>
          <Methods>
            <Method visited="true" cyclomaticComplexity="0" nPathComplexity="0" sequenceCoverage="100.0" branchCoverage="0" crapScore="0" isConstructor="false" isStatic="false" isGetter="false" isSetter="false">
              <Summary numSequencePoints="5" visitedSequencePoints="5" numBranchPoints="0" visitedBranchPoints="0" sequenceCoverage="100.0" branchCoverage="0" maxCyclomaticComplexity="0" minCyclomaticComplexity="0" maxCrapScore="0" minCrapScore="0" visitedClasses="0" numClasses="0" visitedMethods="1" numMethods="1" />
              <MetadataToken>100663358</MetadataToken>
              <Name>System.Void CameraController::Start()</Name>
              <FileRef uid="10" />
              <SequencePoints>
                <SequencePoint vc="1" uspid="319" ordinal="0" offset="0" sl="35" sc="5" el="35" ec="5" bec="0" bev="0" fileid="10" />
                <SequencePoint vc="1" uspid="320" ordinal="0" offset="1" sl="36" sc="9" el="36" ec="9" bec="0" bev="0" fileid="10" />
                <SequencePoint vc="1" uspid="321" ordinal="0" offset="13" sl="37" sc="9" el="37" ec="9" bec="0" bev="0" fileid="10" />
                <SequencePoint vc="1" uspid="322" ordinal="0" offset="25" sl="38" sc="9" el="38" ec="9" bec="0" bev="0" fileid="10" />
                <SequencePoint vc="1" uspid="323" ordinal="0" offset="42" sl="39" sc="5" el="39" ec="5" bec="0" bev="0" fileid="10" />
              </SequencePoints>
              <BranchPoints />
            </Method>
            <Method visited="true" cyclomaticComplexity="0" nPathComplexity="0" sequenceCoverage="100.0" branchCoverage="0" crapScore="0" isConstructor="false" isStatic="false" isGetter="false" isSetter="false">
              <Summary numSequencePoints="2" visitedSequencePoints="2" numBranchPoints="0" visitedBranchPoints="0" sequenceCoverage="100.0" branchCoverage="0" maxCyclomaticComplexity="0" minCyclomaticComplexity="0" maxCrapScore="0" minCrapScore="0" visitedClasses="0" numClasses="0" visitedMethods="1" numMethods="1" />
              <MetadataToken>100663359</MetadataToken>
              <Name>System.Void CameraController::Update()</Name>
              <FileRef uid="10" />
              <SequencePoints>
                <SequencePoint vc="1116" uspid="324" ordinal="0" offset="0" sl="42" sc="5" el="42" ec="5" bec="0" bev="0" fileid="10" />
                <SequencePoint vc="1116" uspid="325" ordinal="0" offset="1" sl="74" sc="5" el="74" ec="5" bec="0" bev="0" fileid="10" />
              </SequencePoints>
              <BranchPoints />
            </Method>
            <Method visited="true" cyclomaticComplexity="0" nPathComplexity="0" sequenceCoverage="100.0" branchCoverage="0" crapScore="0" isConstructor="false" isStatic="false" isGetter="false" isSetter="false">
              <Summary numSequencePoints="3" visitedSequencePoints="3" numBranchPoints="0" visitedBranchPoints="0" sequenceCoverage="100.0" branchCoverage="0" maxCyclomaticComplexity="0" minCyclomaticComplexity="0" maxCrapScore="0" minCrapScore="0" visitedClasses="0" numClasses="0" visitedMethods="1" numMethods="1" />
              <MetadataToken>100663360</MetadataToken>
              <Name>System.Void CameraController::LateUpdate()</Name>
              <FileRef uid="10" />
              <SequencePoints>
                <SequencePoint vc="1116" uspid="326" ordinal="0" offset="0" sl="77" sc="5" el="77" ec="5" bec="0" bev="0" fileid="10" />
                <SequencePoint vc="1116" uspid="327" ordinal="0" offset="1" sl="79" sc="9" el="79" ec="9" bec="0" bev="0" fileid="10" />
                <SequencePoint vc="1116" uspid="328" ordinal="0" offset="60" sl="80" sc="5" el="80" ec="5" bec="0" bev="0" fileid="10" />
              </SequencePoints>
              <BranchPoints />
            </Method>
            <Method visited="true" cyclomaticComplexity="0" nPathComplexity="0" sequenceCoverage="100.0" branchCoverage="0" crapScore="0" isConstructor="true" isStatic="false" isGetter="false" isSetter="false">
              <Summary numSequencePoints="2" visitedSequencePoints="2" numBranchPoints="0" visitedBranchPoints="0" sequenceCoverage="100.0" branchCoverage="0" maxCyclomaticComplexity="0" minCyclomaticComplexity="0" maxCrapScore="0" minCrapScore="0" visitedClasses="0" numClasses="0" visitedMethods="1" numMethods="1" />
              <MetadataToken>100663361</MetadataToken>
              <Name>CameraController::CameraController()</Name>
              <FileRef uid="10" />
              <SequencePoints>
                <SequencePoint vc="2" uspid="329" ordinal="0" offset="0" sl="24" sc="5" el="24" ec="5" bec="0" bev="0" fileid="10" />
                <SequencePoint vc="2" uspid="330" ordinal="0" offset="11" sl="26" sc="5" el="26" ec="5" bec="0" bev="0" fileid="10" />
              </SequencePoints>
              <BranchPoints />
            </Method>
          </Methods>
        </Class>
        <Class>
          <Summary numSequencePoints="27" visitedSequencePoints="6" numBranchPoints="0" visitedBranchPoints="0" sequenceCoverage="22.22" branchCoverage="0.0" maxCyclomaticComplexity="0" minCyclomaticComplexity="0" maxCrapScore="0" minCrapScore="0" visitedClasses="1" numClasses="1" visitedMethods="1" numMethods="1" />
          <FullName>EffectSensor</FullName>
          <Methods>
            <Method visited="true" cyclomaticComplexity="0" nPathComplexity="0" sequenceCoverage="22.22" branchCoverage="0" crapScore="0" isConstructor="false" isStatic="false" isGetter="false" isSetter="false">
              <Summary numSequencePoints="27" visitedSequencePoints="6" numBranchPoints="0" visitedBranchPoints="0" sequenceCoverage="22.22" branchCoverage="0" maxCyclomaticComplexity="0" minCyclomaticComplexity="0" maxCrapScore="0" minCrapScore="0" visitedClasses="0" numClasses="0" visitedMethods="1" numMethods="1" />
              <MetadataToken>100663363</MetadataToken>
              <Name>System.Void EffectSensor::OnTriggerStay(UnityEngine.Collider)</Name>
              <FileRef uid="11" />
              <SequencePoints>
                <SequencePoint vc="486" uspid="340" ordinal="0" offset="0" sl="31" sc="5" el="31" ec="5" bec="0" bev="0" fileid="11" />
                <SequencePoint vc="486" uspid="341" ordinal="0" offset="1" sl="32" sc="9" el="32" ec="9" bec="0" bev="0" fileid="11" />
                <SequencePoint vc="486" uspid="342" ordinal="0" offset="33" sl="33" sc="9" el="33" ec="9" bec="0" bev="0" fileid="11" />
                <SequencePoint vc="486" uspid="343" ordinal="0" offset="34" sl="34" sc="13" el="34" ec="13" bec="0" bev="0" fileid="11" />
                <SequencePoint vc="0" uspid="344" ordinal="0" offset="62" sl="35" sc="13" el="35" ec="13" bec="0" bev="0" fileid="11" />
                <SequencePoint vc="0" uspid="345" ordinal="0" offset="63" sl="36" sc="17" el="36" ec="17" bec="0" bev="0" fileid="11" />
                <SequencePoint vc="0" uspid="346" ordinal="0" offset="85" sl="38" sc="17" el="38" ec="17" bec="0" bev="0" fileid="11" />
                <SequencePoint vc="0" uspid="347" ordinal="0" offset="98" sl="39" sc="17" el="39" ec="17" bec="0" bev="0" fileid="11" />
                <SequencePoint vc="0" uspid="348" ordinal="0" offset="99" sl="40" sc="21" el="40" ec="21" bec="0" bev="0" fileid="11" />
                <SequencePoint vc="0" uspid="349" ordinal="0" offset="112" sl="41" sc="21" el="41" ec="21" bec="0" bev="0" fileid="11" />
                <SequencePoint vc="0" uspid="350" ordinal="0" offset="120" sl="43" sc="21" el="43" ec="21" bec="0" bev="0" fileid="11" />
                <SequencePoint vc="0" uspid="351" ordinal="0" offset="136" sl="44" sc="21" el="44" ec="21" bec="0" bev="0" fileid="11" />
                <SequencePoint vc="0" uspid="352" ordinal="0" offset="137" sl="45" sc="25" el="45" ec="25" bec="0" bev="0" fileid="11" />
                <SequencePoint vc="0" uspid="353" ordinal="0" offset="158" sl="46" sc="25" el="46" ec="25" bec="0" bev="0" fileid="11" />
                <SequencePoint vc="0" uspid="354" ordinal="0" offset="159" sl="47" sc="29" el="47" ec="29" bec="0" bev="0" fileid="11" />
                <SequencePoint vc="0" uspid="355" ordinal="0" offset="198" sl="50" sc="25" el="50" ec="25" bec="0" bev="0" fileid="11" />
                <SequencePoint vc="0" uspid="356" ordinal="0" offset="201" sl="52" sc="30" el="52" ec="30" bec="0" bev="0" fileid="11" />
                <SequencePoint vc="0" uspid="357" ordinal="0" offset="202" sl="52" sc="32" el="52" ec="32" bec="0" bev="0" fileid="11" />
                <SequencePoint vc="0" uspid="358" ordinal="0" offset="220" sl="52" sc="60" el="52" ec="60" bec="0" bev="0" fileid="11" />
                <SequencePoint vc="0" uspid="359" ordinal="0" offset="221" sl="53" sc="21" el="53" ec="21" bec="0" bev="0" fileid="11" />
                <SequencePoint vc="0" uspid="360" ordinal="0" offset="224" sl="55" sc="26" el="55" ec="26" bec="0" bev="0" fileid="11" />
                <SequencePoint vc="0" uspid="361" ordinal="0" offset="225" sl="55" sc="28" el="55" ec="28" bec="0" bev="0" fileid="11" />
                <SequencePoint vc="0" uspid="362" ordinal="0" offset="256" sl="55" sc="115" el="55" ec="115" bec="0" bev="0" fileid="11" />
                <SequencePoint vc="0" uspid="363" ordinal="0" offset="257" sl="56" sc="17" el="56" ec="17" bec="0" bev="0" fileid="11" />
                <SequencePoint vc="0" uspid="364" ordinal="0" offset="258" sl="58" sc="13" el="58" ec="13" bec="0" bev="0" fileid="11" />
                <SequencePoint vc="486" uspid="365" ordinal="0" offset="259" sl="60" sc="9" el="60" ec="9" bec="0" bev="0" fileid="11" />
                <SequencePoint vc="486" uspid="366" ordinal="0" offset="260" sl="61" sc="5" el="61" ec="5" bec="0" bev="0" fileid="11" />
              </SequencePoints>
              <BranchPoints />
            </Method>
          </Methods>
        </Class>
        <Class>
          <Summary numSequencePoints="55" visitedSequencePoints="47" numBranchPoints="0" visitedBranchPoints="0" sequenceCoverage="85.45" branchCoverage="0.0" maxCyclomaticComplexity="0" minCyclomaticComplexity="0" maxCrapScore="0" minCrapScore="0" visitedClasses="1" numClasses="1" visitedMethods="6" numMethods="6" />
          <FullName>Enemy</FullName>
          <Methods>
            <Method visited="true" cyclomaticComplexity="0" nPathComplexity="0" sequenceCoverage="100.0" branchCoverage="0" crapScore="0" isConstructor="false" isStatic="false" isGetter="false" isSetter="false">
              <Summary numSequencePoints="4" visitedSequencePoints="4" numBranchPoints="0" visitedBranchPoints="0" sequenceCoverage="100.0" branchCoverage="0" maxCyclomaticComplexity="0" minCyclomaticComplexity="0" maxCrapScore="0" minCrapScore="0" visitedClasses="0" numClasses="0" visitedMethods="1" numMethods="1" />
              <MetadataToken>100663365</MetadataToken>
              <Name>System.Void Enemy::Init(UnityEngine.Vector3[], UnityEngine.Transform)</Name>
              <FileRef uid="12" />
              <SequencePoints>
                <SequencePoint vc="19" uspid="367" ordinal="0" offset="0" sl="21" sc="5" el="21" ec="5" bec="0" bev="0" fileid="12" />
                <SequencePoint vc="19" uspid="368" ordinal="0" offset="1" sl="22" sc="9" el="22" ec="9" bec="0" bev="0" fileid="12" />
                <SequencePoint vc="19" uspid="369" ordinal="0" offset="8" sl="23" sc="9" el="23" ec="9" bec="0" bev="0" fileid="12" />
                <SequencePoint vc="19" uspid="370" ordinal="0" offset="15" sl="24" sc="5" el="24" ec="5" bec="0" bev="0" fileid="12" />
              </SequencePoints>
              <BranchPoints />
            </Method>
            <Method visited="true" cyclomaticComplexity="0" nPathComplexity="0" sequenceCoverage="100.0" branchCoverage="0" crapScore="0" isConstructor="false" isStatic="false" isGetter="false" isSetter="false">
              <Summary numSequencePoints="12" visitedSequencePoints="12" numBranchPoints="0" visitedBranchPoints="0" sequenceCoverage="100.0" branchCoverage="0" maxCyclomaticComplexity="0" minCyclomaticComplexity="0" maxCrapScore="0" minCrapScore="0" visitedClasses="0" numClasses="0" visitedMethods="1" numMethods="1" />
              <MetadataToken>100663366</MetadataToken>
              <Name>System.Void Enemy::Start()</Name>
              <FileRef uid="12" />
              <SequencePoints>
                <SequencePoint vc="19" uspid="371" ordinal="0" offset="0" sl="71" sc="5" el="71" ec="5" bec="0" bev="0" fileid="12" />
                <SequencePoint vc="19" uspid="372" ordinal="0" offset="1" sl="72" sc="9" el="72" ec="9" bec="0" bev="0" fileid="12" />
                <SequencePoint vc="19" uspid="373" ordinal="0" offset="29" sl="74" sc="9" el="74" ec="9" bec="0" bev="0" fileid="12" />
                <SequencePoint vc="19" uspid="374" ordinal="0" offset="40" sl="75" sc="9" el="75" ec="9" bec="0" bev="0" fileid="12" />
                <SequencePoint vc="19" uspid="375" ordinal="0" offset="52" sl="78" sc="9" el="78" ec="9" bec="0" bev="0" fileid="12" />
                <SequencePoint vc="19" uspid="376" ordinal="0" offset="64" sl="80" sc="9" el="80" ec="9" bec="0" bev="0" fileid="12" />
                <SequencePoint vc="19" uspid="377" ordinal="0" offset="93" sl="82" sc="9" el="82" ec="9" bec="0" bev="0" fileid="12" />
                <SequencePoint vc="19" uspid="378" ordinal="0" offset="110" sl="84" sc="9" el="84" ec="9" bec="0" bev="0" fileid="12" />
                <SequencePoint vc="19" uspid="379" ordinal="0" offset="169" sl="87" sc="9" el="87" ec="9" bec="0" bev="0" fileid="12" />
                <SequencePoint vc="19" uspid="380" ordinal="0" offset="196" sl="88" sc="9" el="88" ec="9" bec="0" bev="0" fileid="12" />
                <SequencePoint vc="19" uspid="381" ordinal="0" offset="213" sl="91" sc="9" el="91" ec="9" bec="0" bev="0" fileid="12" />
                <SequencePoint vc="19" uspid="382" ordinal="0" offset="220" sl="95" sc="5" el="95" ec="5" bec="0" bev="0" fileid="12" />
              </SequencePoints>
              <BranchPoints />
            </Method>
            <Method visited="true" cyclomaticComplexity="0" nPathComplexity="0" sequenceCoverage="81.82" branchCoverage="0" crapScore="0" isConstructor="false" isStatic="false" isGetter="false" isSetter="false">
              <Summary numSequencePoints="22" visitedSequencePoints="18" numBranchPoints="0" visitedBranchPoints="0" sequenceCoverage="81.82" branchCoverage="0" maxCyclomaticComplexity="0" minCyclomaticComplexity="0" maxCrapScore="0" minCrapScore="0" visitedClasses="0" numClasses="0" visitedMethods="1" numMethods="1" />
              <MetadataToken>100663370</MetadataToken>
              <Name>System.Void Enemy::Update()</Name>
              <FileRef uid="12" />
              <SequencePoints>
                <SequencePoint vc="18297" uspid="398" ordinal="0" offset="0" sl="145" sc="5" el="145" ec="5" bec="0" bev="0" fileid="12" />
                <SequencePoint vc="18297" uspid="399" ordinal="0" offset="1" sl="146" sc="9" el="146" ec="9" bec="0" bev="0" fileid="12" />
                <SequencePoint vc="12121" uspid="400" ordinal="0" offset="119" sl="147" sc="9" el="147" ec="9" bec="0" bev="0" fileid="12" />
                <SequencePoint vc="12121" uspid="401" ordinal="0" offset="120" sl="148" sc="13" el="148" ec="13" bec="0" bev="0" fileid="12" />
                <SequencePoint vc="0" uspid="402" ordinal="0" offset="133" sl="149" sc="13" el="149" ec="13" bec="0" bev="0" fileid="12" />
                <SequencePoint vc="0" uspid="403" ordinal="0" offset="134" sl="150" sc="17" el="150" ec="17" bec="0" bev="0" fileid="12" />
                <SequencePoint vc="0" uspid="404" ordinal="0" offset="152" sl="151" sc="17" el="151" ec="17" bec="0" bev="0" fileid="12" />
                <SequencePoint vc="0" uspid="405" ordinal="0" offset="159" sl="152" sc="13" el="152" ec="13" bec="0" bev="0" fileid="12" />
                <SequencePoint vc="12121" uspid="406" ordinal="0" offset="160" sl="155" sc="9" el="155" ec="9" bec="0" bev="0" fileid="12" />
                <SequencePoint vc="6176" uspid="407" ordinal="0" offset="166" sl="158" sc="9" el="158" ec="9" bec="0" bev="0" fileid="12" />
                <SequencePoint vc="6176" uspid="408" ordinal="0" offset="167" sl="159" sc="13" el="159" ec="13" bec="0" bev="0" fileid="12" />
                <SequencePoint vc="9" uspid="409" ordinal="0" offset="182" sl="160" sc="13" el="160" ec="13" bec="0" bev="0" fileid="12" />
                <SequencePoint vc="9" uspid="410" ordinal="0" offset="183" sl="161" sc="17" el="161" ec="17" bec="0" bev="0" fileid="12" />
                <SequencePoint vc="9" uspid="411" ordinal="0" offset="201" sl="162" sc="17" el="162" ec="17" bec="0" bev="0" fileid="12" />
                <SequencePoint vc="9" uspid="412" ordinal="0" offset="208" sl="163" sc="13" el="163" ec="13" bec="0" bev="0" fileid="12" />
                <SequencePoint vc="6176" uspid="413" ordinal="0" offset="209" sl="167" sc="13" el="167" ec="13" bec="0" bev="0" fileid="12" />
                <SequencePoint vc="6176" uspid="414" ordinal="0" offset="248" sl="168" sc="13" el="168" ec="13" bec="0" bev="0" fileid="12" />
                <SequencePoint vc="6176" uspid="415" ordinal="0" offset="287" sl="171" sc="13" el="171" ec="13" bec="0" bev="0" fileid="12" />
                <SequencePoint vc="6176" uspid="416" ordinal="0" offset="296" sl="172" sc="13" el="172" ec="13" bec="0" bev="0" fileid="12" />
                <SequencePoint vc="6176" uspid="417" ordinal="0" offset="323" sl="175" sc="13" el="175" ec="13" bec="0" bev="0" fileid="12" />
                <SequencePoint vc="6176" uspid="418" ordinal="0" offset="347" sl="178" sc="9" el="178" ec="9" bec="0" bev="0" fileid="12" />
                <SequencePoint vc="18297" uspid="419" ordinal="0" offset="348" sl="193" sc="5" el="193" ec="5" bec="0" bev="0" fileid="12" />
              </SequencePoints>
              <BranchPoints />
            </Method>
            <Method visited="true" cyclomaticComplexity="0" nPathComplexity="0" sequenceCoverage="66.67" branchCoverage="0" crapScore="0" isConstructor="false" isStatic="false" isGetter="false" isSetter="false">
              <Summary numSequencePoints="12" visitedSequencePoints="8" numBranchPoints="0" visitedBranchPoints="0" sequenceCoverage="66.67" branchCoverage="0" maxCyclomaticComplexity="0" minCyclomaticComplexity="0" maxCrapScore="0" minCrapScore="0" visitedClasses="0" numClasses="0" visitedMethods="1" numMethods="1" />
              <MetadataToken>100663371</MetadataToken>
              <Name>System.Void Enemy::updateDestination(UnityEngine.Transform)</Name>
              <FileRef uid="12" />
              <SequencePoints>
                <SequencePoint vc="1632" uspid="420" ordinal="0" offset="0" sl="199" sc="5" el="199" ec="5" bec="0" bev="0" fileid="12" />
                <SequencePoint vc="1632" uspid="421" ordinal="0" offset="1" sl="200" sc="9" el="200" ec="9" bec="0" bev="0" fileid="12" />
                <SequencePoint vc="1632" uspid="422" ordinal="0" offset="13" sl="201" sc="9" el="201" ec="9" bec="0" bev="0" fileid="12" />
                <SequencePoint vc="1632" uspid="423" ordinal="0" offset="14" sl="202" sc="13" el="202" ec="13" bec="0" bev="0" fileid="12" />
                <SequencePoint vc="0" uspid="424" ordinal="0" offset="30" sl="202" sc="39" el="202" ec="39" bec="0" bev="0" fileid="12" />
                <SequencePoint vc="1632" uspid="425" ordinal="0" offset="32" sl="208" sc="13" el="208" ec="13" bec="0" bev="0" fileid="12" />
                <SequencePoint vc="0" uspid="426" ordinal="0" offset="54" sl="209" sc="13" el="209" ec="13" bec="0" bev="0" fileid="12" />
                <SequencePoint vc="0" uspid="427" ordinal="0" offset="55" sl="210" sc="17" el="210" ec="17" bec="0" bev="0" fileid="12" />
                <SequencePoint vc="0" uspid="428" ordinal="0" offset="99" sl="211" sc="13" el="211" ec="13" bec="0" bev="0" fileid="12" />
                <SequencePoint vc="1632" uspid="429" ordinal="0" offset="102" sl="213" sc="18" el="213" ec="18" bec="0" bev="0" fileid="12" />
                <SequencePoint vc="1632" uspid="430" ordinal="0" offset="120" sl="215" sc="9" el="215" ec="9" bec="0" bev="0" fileid="12" />
                <SequencePoint vc="1632" uspid="431" ordinal="0" offset="121" sl="218" sc="5" el="218" ec="5" bec="0" bev="0" fileid="12" />
              </SequencePoints>
              <BranchPoints />
            </Method>
            <Method visited="true" cyclomaticComplexity="0" nPathComplexity="0" sequenceCoverage="100.0" branchCoverage="0" crapScore="0" isConstructor="false" isStatic="false" isGetter="false" isSetter="false">
              <Summary numSequencePoints="3" visitedSequencePoints="3" numBranchPoints="0" visitedBranchPoints="0" sequenceCoverage="100.0" branchCoverage="0" maxCyclomaticComplexity="0" minCyclomaticComplexity="0" maxCrapScore="0" minCrapScore="0" visitedClasses="0" numClasses="0" visitedMethods="1" numMethods="1" />
              <MetadataToken>100663373</MetadataToken>
              <Name>System.Void Enemy::chasingPlayer(UnityEngine.Transform)</Name>
              <FileRef uid="12" />
              <SequencePoints>
                <SequencePoint vc="1632" uspid="448" ordinal="0" offset="0" sl="281" sc="5" el="281" ec="5" bec="0" bev="0" fileid="12" />
                <SequencePoint vc="1632" uspid="449" ordinal="0" offset="1" sl="282" sc="9" el="282" ec="9" bec="0" bev="0" fileid="12" />
                <SequencePoint vc="1632" uspid="450" ordinal="0" offset="9" sl="311" sc="5" el="311" ec="5" bec="0" bev="0" fileid="12" />
              </SequencePoints>
              <BranchPoints />
            </Method>
            <Method visited="true" cyclomaticComplexity="0" nPathComplexity="0" sequenceCoverage="100.0" branchCoverage="0" crapScore="0" isConstructor="true" isStatic="false" isGetter="false" isSetter="false">
              <Summary numSequencePoints="2" visitedSequencePoints="2" numBranchPoints="0" visitedBranchPoints="0" sequenceCoverage="100.0" branchCoverage="0" maxCyclomaticComplexity="0" minCyclomaticComplexity="0" maxCrapScore="0" minCrapScore="0" visitedClasses="0" numClasses="0" visitedMethods="1" numMethods="1" />
              <MetadataToken>100663374</MetadataToken>
              <Name>Enemy::Enemy()</Name>
              <FileRef uid="12" />
              <SequencePoints>
                <SequencePoint vc="19" uspid="455" ordinal="0" offset="0" sl="28" sc="5" el="28" ec="5" bec="0" bev="0" fileid="12" />
                <SequencePoint vc="19" uspid="456" ordinal="0" offset="12" sl="33" sc="5" el="33" ec="5" bec="0" bev="0" fileid="12" />
              </SequencePoints>
              <BranchPoints />
            </Method>
          </Methods>
        </Class>
        <Class>
          <Summary numSequencePoints="61" visitedSequencePoints="47" numBranchPoints="0" visitedBranchPoints="0" sequenceCoverage="77.05" branchCoverage="0.0" maxCyclomaticComplexity="0" minCyclomaticComplexity="0" maxCrapScore="0" minCrapScore="0" visitedClasses="1" numClasses="1" visitedMethods="5" numMethods="5" />
          <FullName>EnemySensor</FullName>
          <Methods>
            <Method visited="true" cyclomaticComplexity="0" nPathComplexity="0" sequenceCoverage="100.0" branchCoverage="0" crapScore="0" isConstructor="false" isStatic="false" isGetter="false" isSetter="false">
              <Summary numSequencePoints="4" visitedSequencePoints="4" numBranchPoints="0" visitedBranchPoints="0" sequenceCoverage="100.0" branchCoverage="0" maxCyclomaticComplexity="0" minCyclomaticComplexity="0" maxCrapScore="0" minCrapScore="0" visitedClasses="0" numClasses="0" visitedMethods="1" numMethods="1" />
              <MetadataToken>100663376</MetadataToken>
              <Name>System.Void EnemySensor::Start()</Name>
              <FileRef uid="13" />
              <SequencePoints>
                <SequencePoint vc="19" uspid="457" ordinal="0" offset="0" sl="13" sc="5" el="13" ec="5" bec="0" bev="0" fileid="13" />
                <SequencePoint vc="19" uspid="458" ordinal="0" offset="1" sl="14" sc="9" el="14" ec="9" bec="0" bev="0" fileid="13" />
                <SequencePoint vc="19" uspid="459" ordinal="0" offset="28" sl="17" sc="9" el="17" ec="9" bec="0" bev="0" fileid="13" />
                <SequencePoint vc="19" uspid="460" ordinal="0" offset="35" sl="18" sc="5" el="18" ec="5" bec="0" bev="0" fileid="13" />
              </SequencePoints>
              <BranchPoints />
            </Method>
            <Method visited="true" cyclomaticComplexity="0" nPathComplexity="0" sequenceCoverage="100.0" branchCoverage="0" crapScore="0" isConstructor="false" isStatic="false" isGetter="false" isSetter="false">
              <Summary numSequencePoints="10" visitedSequencePoints="10" numBranchPoints="0" visitedBranchPoints="0" sequenceCoverage="100.0" branchCoverage="0" maxCyclomaticComplexity="0" minCyclomaticComplexity="0" maxCrapScore="0" minCrapScore="0" visitedClasses="0" numClasses="0" visitedMethods="1" numMethods="1" />
              <MetadataToken>100663378</MetadataToken>
              <Name>System.Void EnemySensor::OnTriggerExit(UnityEngine.Collider)</Name>
              <FileRef uid="13" />
              <SequencePoints>
                <SequencePoint vc="81" uspid="467" ordinal="0" offset="0" sl="43" sc="5" el="43" ec="5" bec="0" bev="0" fileid="13" />
                <SequencePoint vc="81" uspid="468" ordinal="0" offset="1" sl="44" sc="9" el="44" ec="9" bec="0" bev="0" fileid="13" />
                <SequencePoint vc="81" uspid="469" ordinal="0" offset="30" sl="45" sc="9" el="45" ec="9" bec="0" bev="0" fileid="13" />
                <SequencePoint vc="81" uspid="470" ordinal="0" offset="31" sl="46" sc="13" el="46" ec="13" bec="0" bev="0" fileid="13" />
                <SequencePoint vc="6" uspid="471" ordinal="0" offset="56" sl="47" sc="13" el="47" ec="13" bec="0" bev="0" fileid="13" />
                <SequencePoint vc="6" uspid="472" ordinal="0" offset="57" sl="48" sc="17" el="48" ec="17" bec="0" bev="0" fileid="13" />
                <SequencePoint vc="6" uspid="473" ordinal="0" offset="80" sl="50" sc="17" el="50" ec="17" bec="0" bev="0" fileid="13" />
                <SequencePoint vc="6" uspid="474" ordinal="0" offset="87" sl="61" sc="13" el="61" ec="13" bec="0" bev="0" fileid="13" />
                <SequencePoint vc="81" uspid="475" ordinal="0" offset="88" sl="64" sc="9" el="64" ec="9" bec="0" bev="0" fileid="13" />
                <SequencePoint vc="81" uspid="476" ordinal="0" offset="89" sl="66" sc="5" el="66" ec="5" bec="0" bev="0" fileid="13" />
              </SequencePoints>
              <BranchPoints />
            </Method>
            <Method visited="true" cyclomaticComplexity="0" nPathComplexity="0" sequenceCoverage="100.0" branchCoverage="0" crapScore="0" isConstructor="false" isStatic="false" isGetter="false" isSetter="false">
              <Summary numSequencePoints="3" visitedSequencePoints="3" numBranchPoints="0" visitedBranchPoints="0" sequenceCoverage="100.0" branchCoverage="0" maxCyclomaticComplexity="0" minCyclomaticComplexity="0" maxCrapScore="0" minCrapScore="0" visitedClasses="0" numClasses="0" visitedMethods="1" numMethods="1" />
              <MetadataToken>100663379</MetadataToken>
              <Name>System.Void EnemySensor::BackOriginPos()</Name>
              <FileRef uid="13" />
              <SequencePoints>
                <SequencePoint vc="6" uspid="477" ordinal="0" offset="0" sl="69" sc="5" el="69" ec="5" bec="0" bev="0" fileid="13" />
                <SequencePoint vc="6" uspid="478" ordinal="0" offset="1" sl="70" sc="9" el="70" ec="9" bec="0" bev="0" fileid="13" />
                <SequencePoint vc="6" uspid="479" ordinal="0" offset="45" sl="76" sc="5" el="76" ec="5" bec="0" bev="0" fileid="13" />
              </SequencePoints>
              <BranchPoints />
            </Method>
            <Method visited="true" cyclomaticComplexity="0" nPathComplexity="0" sequenceCoverage="63.16" branchCoverage="0" crapScore="0" isConstructor="false" isStatic="false" isGetter="false" isSetter="false">
              <Summary numSequencePoints="38" visitedSequencePoints="24" numBranchPoints="0" visitedBranchPoints="0" sequenceCoverage="63.16" branchCoverage="0" maxCyclomaticComplexity="0" minCyclomaticComplexity="0" maxCrapScore="0" minCrapScore="0" visitedClasses="0" numClasses="0" visitedMethods="1" numMethods="1" />
              <MetadataToken>100663380</MetadataToken>
              <Name>System.Void EnemySensor::OnTriggerStay(UnityEngine.Collider)</Name>
              <FileRef uid="13" />
              <SequencePoints>
                <SequencePoint vc="76513" uspid="480" ordinal="0" offset="0" sl="83" sc="5" el="83" ec="5" bec="0" bev="0" fileid="13" />
                <SequencePoint vc="76513" uspid="481" ordinal="0" offset="1" sl="84" sc="9" el="84" ec="9" bec="0" bev="0" fileid="13" />
                <SequencePoint vc="76513" uspid="482" ordinal="0" offset="33" sl="85" sc="9" el="85" ec="9" bec="0" bev="0" fileid="13" />
                <SequencePoint vc="76513" uspid="483" ordinal="0" offset="34" sl="86" sc="13" el="86" ec="13" bec="0" bev="0" fileid="13" />
                <SequencePoint vc="1632" uspid="484" ordinal="0" offset="88" sl="87" sc="13" el="87" ec="13" bec="0" bev="0" fileid="13" />
                <SequencePoint vc="1632" uspid="485" ordinal="0" offset="89" sl="90" sc="17" el="90" ec="17" bec="0" bev="0" fileid="13" />
                <SequencePoint vc="0" uspid="486" ordinal="0" offset="99" sl="91" sc="17" el="91" ec="17" bec="0" bev="0" fileid="13" />
                <SequencePoint vc="0" uspid="487" ordinal="0" offset="100" sl="92" sc="21" el="92" ec="21" bec="0" bev="0" fileid="13" />
                <SequencePoint vc="0" uspid="488" ordinal="0" offset="144" sl="93" sc="21" el="93" ec="21" bec="0" bev="0" fileid="13" />
                <SequencePoint vc="0" uspid="489" ordinal="0" offset="145" sl="94" sc="25" el="94" ec="25" bec="0" bev="0" fileid="13" />
                <SequencePoint vc="0" uspid="490" ordinal="0" offset="173" sl="95" sc="25" el="95" ec="25" bec="0" bev="0" fileid="13" />
                <SequencePoint vc="0" uspid="491" ordinal="0" offset="189" sl="96" sc="25" el="96" ec="25" bec="0" bev="0" fileid="13" />
                <SequencePoint vc="0" uspid="492" ordinal="0" offset="196" sl="97" sc="21" el="97" ec="21" bec="0" bev="0" fileid="13" />
                <SequencePoint vc="0" uspid="493" ordinal="0" offset="197" sl="107" sc="17" el="107" ec="17" bec="0" bev="0" fileid="13" />
                <SequencePoint vc="1632" uspid="494" ordinal="0" offset="203" sl="110" sc="17" el="110" ec="17" bec="0" bev="0" fileid="13" />
[...]
              <MetadataToken>100663608</MetadataToken>
              <Name>System.Boolean SoundClip/&lt;COR_DestroyWhenFinish&gt;d__6::MoveNext()</Name>
              <FileRef uid="1" />
              <SequencePoints>
                <SequencePoint vc="3" uspid="1974" ordinal="0" offset="31" sl="177" sc="5" el="177" ec="5" bec="0" bev="0" fileid="1" />
                <SequencePoint vc="3" uspid="1975" ordinal="0" offset="32" sl="178" sc="9" el="178" ec="9" bec="0" bev="0" fileid="1" />
                <SequencePoint vc="2" uspid="1976" ordinal="0" offset="65" sl="180" sc="9" el="180" ec="9" bec="0" bev="0" fileid="1" />
                <SequencePoint vc="2" uspid="1977" ordinal="0" offset="82" sl="181" sc="5" el="181" ec="5" bec="0" bev="0" fileid="1" />
              </SequencePoints>
              <BranchPoints />
            </Method>
          </Methods>
        </Class>
        <Class>
          <Summary numSequencePoints="12" visitedSequencePoints="6" numBranchPoints="0" visitedBranchPoints="0" sequenceCoverage="50.00" branchCoverage="0.0" maxCyclomaticComplexity="0" minCyclomaticComplexity="0" maxCrapScore="0" minCrapScore="0" visitedClasses="1" numClasses="1" visitedMethods="1" numMethods="1" />
          <FullName>FieldEffect/&lt;EffectActive&gt;d__17</FullName>
          <Methods>
            <Method visited="true" cyclomaticComplexity="0" nPathComplexity="0" sequenceCoverage="50.00" branchCoverage="0" crapScore="0" isConstructor="false" isStatic="false" isGetter="false" isSetter="false">
              <Summary numSequencePoints="12" visitedSequencePoints="6" numBranchPoints="0" visitedBranchPoints="0" sequenceCoverage="50.00" branchCoverage="0" maxCyclomaticComplexity="0" minCyclomaticComplexity="0" maxCrapScore="0" minCrapScore="0" visitedClasses="0" numClasses="0" visitedMethods="1" numMethods="1" />
              <MetadataToken>100663622</MetadataToken>
              <Name>System.Boolean FieldEffect/&lt;EffectActive&gt;d__17::MoveNext()</Name>
              <FileRef uid="14" />
              <SequencePoints>
                <SequencePoint vc="1" uspid="1994" ordinal="0" offset="34" sl="107" sc="5" el="107" ec="5" bec="0" bev="0" fileid="14" />
                <SequencePoint vc="1" uspid="1995" ordinal="0" offset="35" sl="108" sc="9" el="108" ec="9" bec="0" bev="0" fileid="14" />
                <SequencePoint vc="1" uspid="1996" ordinal="0" offset="53" sl="109" sc="9" el="109" ec="9" bec="0" bev="0" fileid="14" />
                <SequencePoint vc="1" uspid="1997" ordinal="0" offset="107" sl="112" sc="9" el="112" ec="9" bec="0" bev="0" fileid="14" />
                <SequencePoint vc="1" uspid="1998" ordinal="0" offset="123" sl="114" sc="9" el="114" ec="9" bec="0" bev="0" fileid="14" />
                <SequencePoint vc="1" uspid="1999" ordinal="0" offset="150" sl="116" sc="9" el="116" ec="9" bec="0" bev="0" fileid="14" />
                <SequencePoint vc="0" uspid="2000" ordinal="0" offset="183" sl="118" sc="9" el="118" ec="9" bec="0" bev="0" fileid="14" />
                <SequencePoint vc="0" uspid="2001" ordinal="0" offset="201" sl="119" sc="9" el="119" ec="9" bec="0" bev="0" fileid="14" />
                <SequencePoint vc="0" uspid="2002" ordinal="0" offset="228" sl="120" sc="9" el="120" ec="9" bec="0" bev="0" fileid="14" />
                <SequencePoint vc="0" uspid="2003" ordinal="0" offset="240" sl="122" sc="9" el="122" ec="9" bec="0" bev="0" fileid="14" />
                <SequencePoint vc="0" uspid="2004" ordinal="0" offset="278" sl="124" sc="9" el="124" ec="9" bec="0" bev="0" fileid="14" />
                <SequencePoint vc="0" uspid="2005" ordinal="0" offset="294" sl="125" sc="5" el="125" ec="5" bec="0" bev="0" fileid="14" />
              </SequencePoints>
              <BranchPoints />
            </Method>
          </Methods>
        </Class>
        <Class>
          <Summary numSequencePoints="3" visitedSequencePoints="3" numBranchPoints="0" visitedBranchPoints="0" sequenceCoverage="100.0" branchCoverage="0.0" maxCyclomaticComplexity="0" minCyclomaticComplexity="0" maxCrapScore="0" minCrapScore="0" visitedClasses="1" numClasses="1" visitedMethods="1" numMethods="1" />
          <FullName>Player/&lt;&gt;c</FullName>
          <Methods>
            <Method visited="true" cyclomaticComplexity="0" nPathComplexity="0" sequenceCoverage="100.0" branchCoverage="0" crapScore="0" isConstructor="false" isStatic="false" isGetter="false" isSetter="false">
              <Summary numSequencePoints="3" visitedSequencePoints="3" numBranchPoints="0" visitedBranchPoints="0" sequenceCoverage="100.0" branchCoverage="0" maxCyclomaticComplexity="0" minCyclomaticComplexity="0" maxCrapScore="0" minCrapScore="0" visitedClasses="0" numClasses="0" visitedMethods="1" numMethods="1" />
              <MetadataToken>100663645</MetadataToken>
              <Name>System.Void Player/&lt;&gt;c::&lt;Damaged&gt;b__47_0()</Name>
              <FileRef uid="20" />
              <SequencePoints>
                <SequencePoint vc="2" uspid="2067" ordinal="0" offset="0" sl="439" sc="66" el="439" ec="66" bec="0" bev="0" fileid="20" />
                <SequencePoint vc="2" uspid="2068" ordinal="0" offset="1" sl="440" sc="17" el="440" ec="17" bec="0" bev="0" fileid="20" />
                <SequencePoint vc="2" uspid="2069" ordinal="0" offset="7" sl="441" sc="13" el="441" ec="13" bec="0" bev="0" fileid="20" />
              </SequencePoints>
              <BranchPoints />
            </Method>
          </Methods>
        </Class>
        <Class>
          <Summary numSequencePoints="14" visitedSequencePoints="14" numBranchPoints="0" visitedBranchPoints="0" sequenceCoverage="100.0" branchCoverage="0.0" maxCyclomaticComplexity="0" minCyclomaticComplexity="0" maxCrapScore="0" minCrapScore="0" visitedClasses="1" numClasses="1" visitedMethods="1" numMethods="1" />
          <FullName>TimeLine/&lt;CoWaitForPosition&gt;d__12</FullName>
          <Methods>
            <Method visited="true" cyclomaticComplexity="0" nPathComplexity="0" sequenceCoverage="100.0" branchCoverage="0" crapScore="0" isConstructor="false" isStatic="false" isGetter="false" isSetter="false">
              <Summary numSequencePoints="14" visitedSequencePoints="14" numBranchPoints="0" visitedBranchPoints="0" sequenceCoverage="100.0" branchCoverage="0" maxCyclomaticComplexity="0" minCyclomaticComplexity="0" maxCrapScore="0" minCrapScore="0" visitedClasses="0" numClasses="0" visitedMethods="1" numMethods="1" />
              <MetadataToken>100663660</MetadataToken>
              <Name>System.Boolean TimeLine/&lt;CoWaitForPosition&gt;d__12::MoveNext()</Name>
              <FileRef uid="22" />
              <SequencePoints>
                <SequencePoint vc="9" uspid="2086" ordinal="0" offset="31" sl="41" sc="5" el="41" ec="5" bec="0" bev="0" fileid="22" />
                <SequencePoint vc="9" uspid="2087" ordinal="0" offset="32" sl="42" sc="9" el="42" ec="9" bec="0" bev="0" fileid="22" />
                <SequencePoint vc="9" uspid="2088" ordinal="0" offset="59" sl="43" sc="9" el="43" ec="9" bec="0" bev="0" fileid="22" />
                <SequencePoint vc="9" uspid="2089" ordinal="0" offset="81" sl="44" sc="9" el="44" ec="9" bec="0" bev="0" fileid="22" />
                <SequencePoint vc="9" uspid="2090" ordinal="0" offset="108" sl="45" sc="9" el="45" ec="9" bec="0" bev="0" fileid="22" />
                <SequencePoint vc="9" uspid="2091" ordinal="0" offset="133" sl="46" sc="9" el="46" ec="9" bec="0" bev="0" fileid="22" />
                <SequencePoint vc="9" uspid="2092" ordinal="0" offset="173" sl="48" sc="14" el="48" ec="14" bec="0" bev="0" fileid="22" />
                <SequencePoint vc="90" uspid="2093" ordinal="0" offset="185" sl="49" sc="9" el="49" ec="9" bec="0" bev="0" fileid="22" />
                <SequencePoint vc="90" uspid="2094" ordinal="0" offset="186" sl="50" sc="13" el="50" ec="13" bec="0" bev="0" fileid="22" />
                <SequencePoint vc="90" uspid="2095" ordinal="0" offset="226" sl="51" sc="13" el="51" ec="13" bec="0" bev="0" fileid="22" />
                <SequencePoint vc="90" uspid="2096" ordinal="0" offset="301" sl="52" sc="9" el="52" ec="9" bec="0" bev="0" fileid="22" />
                <SequencePoint vc="90" uspid="2097" ordinal="0" offset="302" sl="48" sc="37" el="48" ec="37" bec="0" bev="0" fileid="22" />
                <SequencePoint vc="99" uspid="2098" ordinal="0" offset="318" sl="48" sc="25" el="48" ec="25" bec="0" bev="0" fileid="22" />
                <SequencePoint vc="9" uspid="2099" ordinal="0" offset="344" sl="53" sc="5" el="53" ec="5" bec="0" bev="0" fileid="22" />
              </SequencePoints>
              <BranchPoints />
            </Method>
          </Methods>
        </Class>
        <Class>
          <Summary numSequencePoints="16" visitedSequencePoints="11" numBranchPoints="0" visitedBranchPoints="0" sequenceCoverage="68.75" branchCoverage="0.0" maxCyclomaticComplexity="0" minCyclomaticComplexity="0" maxCrapScore="0" minCrapScore="0" visitedClasses="1" numClasses="1" visitedMethods="1" numMethods="1" />
          <FullName>StageUI/&lt;CooldownCoroutine&gt;d__38</FullName>
          <Methods>
            <Method visited="true" cyclomaticComplexity="0" nPathComplexity="0" sequenceCoverage="68.75" branchCoverage="0" crapScore="0" isConstructor="false" isStatic="false" isGetter="false" isSetter="false">
              <Summary numSequencePoints="16" visitedSequencePoints="11" numBranchPoints="0" visitedBranchPoints="0" sequenceCoverage="68.75" branchCoverage="0" maxCyclomaticComplexity="0" minCyclomaticComplexity="0" maxCrapScore="0" minCrapScore="0" visitedClasses="0" numClasses="0" visitedMethods="1" numMethods="1" />
              <MetadataToken>100663666</MetadataToken>
              <Name>System.Boolean StageUI/&lt;CooldownCoroutine&gt;d__38::MoveNext()</Name>
              <FileRef uid="23" />
              <SequencePoints>
                <SequencePoint vc="1" uspid="2100" ordinal="0" offset="34" sl="265" sc="5" el="265" ec="5" bec="0" bev="0" fileid="23" />
                <SequencePoint vc="1" uspid="2101" ordinal="0" offset="35" sl="266" sc="9" el="266" ec="9" bec="0" bev="0" fileid="23" />
                <SequencePoint vc="1" uspid="2102" ordinal="0" offset="48" sl="268" sc="9" el="268" ec="9" bec="0" bev="0" fileid="23" />
                <SequencePoint vc="1" uspid="2103" ordinal="0" offset="71" sl="270" sc="9" el="270" ec="9" bec="0" bev="0" fileid="23" />
                <SequencePoint vc="1" uspid="2104" ordinal="0" offset="93" sl="272" sc="9" el="272" ec="9" bec="0" bev="0" fileid="23" />
                <SequencePoint vc="198" uspid="2105" ordinal="0" offset="106" sl="274" sc="9" el="274" ec="9" bec="0" bev="0" fileid="23" />
                <SequencePoint vc="198" uspid="2106" ordinal="0" offset="107" sl="275" sc="13" el="275" ec="13" bec="0" bev="0" fileid="23" />
                <SequencePoint vc="198" uspid="2107" ordinal="0" offset="125" sl="277" sc="13" el="277" ec="13" bec="0" bev="0" fileid="23" />
                <SequencePoint vc="198" uspid="2108" ordinal="0" offset="166" sl="279" sc="13" el="279" ec="13" bec="0" bev="0" fileid="23" />
                <SequencePoint vc="197" uspid="2109" ordinal="0" offset="189" sl="280" sc="9" el="280" ec="9" bec="0" bev="0" fileid="23" />
                <SequencePoint vc="198" uspid="2110" ordinal="0" offset="190" sl="273" sc="9" el="273" ec="9" bec="0" bev="0" fileid="23" />
                <SequencePoint vc="0" uspid="2111" ordinal="0" offset="208" sl="281" sc="9" el="281" ec="9" bec="0" bev="0" fileid="23" />
                <SequencePoint vc="0" uspid="2112" ordinal="0" offset="231" sl="283" sc="9" el="283" ec="9" bec="0" bev="0" fileid="23" />
                <SequencePoint vc="0" uspid="2113" ordinal="0" offset="247" sl="285" sc="9" el="285" ec="9" bec="0" bev="0" fileid="23" />
                <SequencePoint vc="0" uspid="2114" ordinal="0" offset="260" sl="286" sc="9" el="286" ec="9" bec="0" bev="0" fileid="23" />
                <SequencePoint vc="0" uspid="2115" ordinal="0" offset="272" sl="287" sc="5" el="287" ec="5" bec="0" bev="0" fileid="23" />
              </SequencePoints>
              <BranchPoints />
            </Method>
          </Methods>
        </Class>
        <Class>
          <Summary numSequencePoints="21" visitedSequencePoints="16" numBranchPoints="0" visitedBranchPoints="0" sequenceCoverage="76.19" branchCoverage="0.0" maxCyclomaticComplexity="0" minCyclomaticComplexity="0" maxCrapScore="0" minCrapScore="0" visitedClasses="1" numClasses="1" visitedMethods="1" numMethods="1" />
          <FullName>StageUI/&lt;stageTimer&gt;d__39</FullName>
          <Methods>
            <Method visited="true" cyclomaticComplexity="0" nPathComplexity="0" sequenceCoverage="76.19" branchCoverage="0" crapScore="0" isConstructor="false" isStatic="false" isGetter="false" isSetter="false">
              <Summary numSequencePoints="21" visitedSequencePoints="16" numBranchPoints="0" visitedBranchPoints="0" sequenceCoverage="76.19" branchCoverage="0" maxCyclomaticComplexity="0" minCyclomaticComplexity="0" maxCrapScore="0" minCrapScore="0" visitedClasses="0" numClasses="0" visitedMethods="1" numMethods="1" />
              <MetadataToken>100663672</MetadataToken>
              <Name>System.Boolean StageUI/&lt;stageTimer&gt;d__39::MoveNext()</Name>
              <FileRef uid="23" />
              <SequencePoints>
                <SequencePoint vc="1" uspid="2116" ordinal="0" offset="34" sl="291" sc="5" el="291" ec="5" bec="0" bev="0" fileid="23" />
                <SequencePoint vc="1" uspid="2117" ordinal="0" offset="35" sl="292" sc="9" el="292" ec="9" bec="0" bev="0" fileid="23" />
                <SequencePoint vc="1" uspid="2118" ordinal="0" offset="46" sl="294" sc="9" el="294" ec="9" bec="0" bev="0" fileid="23" />
                <SequencePoint vc="964" uspid="2119" ordinal="0" offset="62" sl="297" sc="9" el="297" ec="9" bec="0" bev="0" fileid="23" />
                <SequencePoint vc="964" uspid="2120" ordinal="0" offset="63" sl="298" sc="13" el="298" ec="13" bec="0" bev="0" fileid="23" />
                <SequencePoint vc="964" uspid="2121" ordinal="0" offset="81" sl="299" sc="13" el="299" ec="13" bec="0" bev="0" fileid="23" />
                <SequencePoint vc="964" uspid="2122" ordinal="0" offset="116" sl="301" sc="13" el="301" ec="13" bec="0" bev="0" fileid="23" />
                <SequencePoint vc="964" uspid="2123" ordinal="0" offset="133" sl="303" sc="13" el="303" ec="13" bec="0" bev="0" fileid="23" />
                <SequencePoint vc="5" uspid="2124" ordinal="0" offset="157" sl="304" sc="13" el="304" ec="13" bec="0" bev="0" fileid="23" />
                <SequencePoint vc="5" uspid="2125" ordinal="0" offset="158" sl="305" sc="17" el="305" ec="17" bec="0" bev="0" fileid="23" />
                <SequencePoint vc="5" uspid="2126" ordinal="0" offset="176" sl="306" sc="17" el="306" ec="17" bec="0" bev="0" fileid="23" />
                <SequencePoint vc="5" uspid="2127" ordinal="0" offset="194" sl="307" sc="17" el="307" ec="17" bec="0" bev="0" fileid="23" />
                <SequencePoint vc="5" uspid="2128" ordinal="0" offset="226" sl="308" sc="13" el="308" ec="13" bec="0" bev="0" fileid="23" />
                <SequencePoint vc="964" uspid="2129" ordinal="0" offset="227" sl="310" sc="13" el="310" ec="13" bec="0" bev="0" fileid="23" />
                <SequencePoint vc="963" uspid="2130" ordinal="0" offset="250" sl="311" sc="9" el="311" ec="9" bec="0" bev="0" fileid="23" />
                <SequencePoint vc="964" uspid="2131" ordinal="0" offset="251" sl="296" sc="9" el="296" ec="9" bec="0" bev="0" fileid="23" />
                <SequencePoint vc="0" uspid="2132" ordinal="0" offset="275" sl="312" sc="9" el="312" ec="9" bec="0" bev="0" fileid="23" />
                <SequencePoint vc="0" uspid="2133" ordinal="0" offset="297" sl="313" sc="9" el="313" ec="9" bec="0" bev="0" fileid="23" />
                <SequencePoint vc="0" uspid="2134" ordinal="0" offset="308" sl="314" sc="9" el="314" ec="9" bec="0" bev="0" fileid="23" />
                <SequencePoint vc="0" uspid="2135" ordinal="0" offset="320" sl="316" sc="9" el="316" ec="9" bec="0" bev="0" fileid="23" />
                <SequencePoint vc="0" uspid="2136" ordinal="0" offset="338" sl="317" sc="5" el="317" ec="5" bec="0" bev="0" fileid="23" />
              </SequencePoints>
              <BranchPoints />
            </Method>
          </Methods>
        </Class>
        <Class>
          <Summary numSequencePoints="4" visitedSequencePoints="4" numBranchPoints="0" visitedBranchPoints="0" sequenceCoverage="100.0" branchCoverage="0.0" maxCyclomaticComplexity="0" minCyclomaticComplexity="0" maxCrapScore="0" minCrapScore="0" visitedClasses="1" numClasses="1" visitedMethods="1" numMethods="1" />
          <FullName>Function/&lt;CountDown&gt;d__6</FullName>
          <Methods>
            <Method visited="true" cyclomaticComplexity="0" nPathComplexity="0" sequenceCoverage="100.0" branchCoverage="0" crapScore="0" isConstructor="false" isStatic="false" isGetter="false" isSetter="false">
              <Summary numSequencePoints="4" visitedSequencePoints="4" numBranchPoints="0" visitedBranchPoints="0" sequenceCoverage="100.0" branchCoverage="0" maxCyclomaticComplexity="0" minCyclomaticComplexity="0" maxCrapScore="0" minCrapScore="0" visitedClasses="0" numClasses="0" visitedMethods="1" numMethods="1" />
              <MetadataToken>100663691</MetadataToken>
              <Name>System.Boolean Function/&lt;CountDown&gt;d__6::MoveNext()</Name>
              <FileRef uid="29" />
              <SequencePoints>
                <SequencePoint vc="12" uspid="2152" ordinal="0" offset="31" sl="34" sc="5" el="34" ec="5" bec="0" bev="0" fileid="29" />
                <SequencePoint vc="12" uspid="2153" ordinal="0" offset="32" sl="35" sc="9" el="35" ec="9" bec="0" bev="0" fileid="29" />
                <SequencePoint vc="4" uspid="2154" ordinal="0" offset="65" sl="36" sc="9" el="36" ec="9" bec="0" bev="0" fileid="29" />
                <SequencePoint vc="4" uspid="2155" ordinal="0" offset="77" sl="37" sc="5" el="37" ec="5" bec="0" bev="0" fileid="29" />
              </SequencePoints>
              <BranchPoints />
            </Method>
          </Methods>
        </Class>
        <Class>
          <Summary numSequencePoints="1" visitedSequencePoints="1" numBranchPoints="0" visitedBranchPoints="0" sequenceCoverage="100.0" branchCoverage="0.0" maxCyclomaticComplexity="0" minCyclomaticComplexity="0" maxCrapScore="0" minCrapScore="0" visitedClasses="1" numClasses="1" visitedMethods="1" numMethods="1" />
          <FullName>StageManager/&lt;&gt;c__DisplayClass52_0</FullName>
          <Methods>
            <Method visited="true" cyclomaticComplexity="0" nPathComplexity="0" sequenceCoverage="100.0" branchCoverage="0" crapScore="0" isConstructor="false" isStatic="false" isGetter="false" isSetter="false">
              <Summary numSequencePoints="1" visitedSequencePoints="1" numBranchPoints="0" visitedBranchPoints="0" sequenceCoverage="100.0" branchCoverage="0" maxCyclomaticComplexity="0" minCyclomaticComplexity="0" maxCrapScore="0" minCrapScore="0" visitedClasses="0" numClasses="0" visitedMethods="1" numMethods="1" />
              <MetadataToken>100663702</MetadataToken>
              <Name>System.Boolean StageManager/&lt;&gt;c__DisplayClass52_0::&lt;SetGoals&gt;b__0(System.Int32)</Name>
              <FileRef uid="30" />
              <SequencePoints>
                <SequencePoint vc="1" uspid="2160" ordinal="0" offset="0" sl="322" sc="46" el="322" ec="46" bec="0" bev="0" fileid="30" />
              </SequencePoints>
              <BranchPoints />
            </Method>
          </Methods>
        </Class>
      </Classes>
    </Module>
  </Modules>
</CoverageSession>